<?xml version="1.0" encoding="UTF-8"?>
<testsuite name="runners.GeneralRunner" tests="0" skipped="0" failures="0" errors="0" timestamp="1970-01-01T00:00:00" hostname="HBOG5CG141BFQT" time="0.0">
  <properties/>
  <system-out><![CDATA[2026-04-23 15:06:33 [Test worker] DEBUG:: LOADING LOCAL PROPERTIES FROM C:\Users\CAPERAJU\Auto_Mi_Claro_APP\serenity.properties 
2026-04-23 15:06:33 [Test worker] DEBUG:: LOADING LOCAL PROPERTIES FROM C:\Users\CAPERAJU\Auto_Mi_Claro_APP\serenity.properties 
2026-04-23 15:06:33 [Test worker] DEBUG:: LOADING LOCAL PROPERTIES FROM C:\Users\CAPERAJU\Auto_Mi_Claro_APP\serenity.properties 
2026-04-23 15:06:33 [Test worker] DEBUG:: appium.platformName=Android
2026-04-23 15:06:33 [Test worker] DEBUG:: serenity.resized.image.width=600
2026-04-23 15:06:33 [Test worker] DEBUG:: appium.automationName=UiAutomator2
2026-04-23 15:06:33 [Test worker] DEBUG:: appium.resetKeyboard=true
2026-04-23 15:06:33 [Test worker] DEBUG:: serenity.browser.maximized=true
2026-04-23 15:06:33 [Test worker] DEBUG:: serenity.logging=VERBOSE
2026-04-23 15:06:33 [Test worker] DEBUG:: serenity.batch.count=2
2026-04-23 15:06:33 [Test worker] DEBUG:: appium.appActivity=com.claro.superapp.SplashActivity
2026-04-23 15:06:33 [Test worker] DEBUG:: webdriver.wait.for.timeout=3000
2026-04-23 15:06:33 [Test worker] DEBUG:: serenity.outputDirectory=target/site/serenity
2026-04-23 15:06:33 [Test worker] DEBUG:: serenity.report.show.manual.tests=true
2026-04-23 15:06:33 [Test worker] DEBUG:: locators.max.send=100
2026-04-23 15:06:33 [Test worker] DEBUG:: locators.chunk.size=50
2026-04-23 15:06:33 [Test worker] DEBUG:: serenity.project.name=Mi Claro APP
2026-04-23 15:06:33 [Test worker] DEBUG:: serenity.reports.show.step.details=true
2026-04-23 15:06:33 [Test worker] DEBUG:: webdriver.driver=appium
2026-04-23 15:06:33 [Test worker] DEBUG:: serenity.report.encoding=utf8
2026-04-23 15:06:33 [Test worker] DEBUG:: appium.captureScreenshots=true
2026-04-23 15:06:33 [Test worker] DEBUG:: serenity.store.html.source=true
2026-04-23 15:06:33 [Test worker] DEBUG:: appium.unicodeKeyboard=true
2026-04-23 15:06:33 [Test worker] DEBUG:: serenity.batch.strategy=DIVIDE_EQUALLY
2026-04-23 15:06:33 [Test worker] DEBUG:: ollama.model=phi3
2026-04-23 15:06:33 [Test worker] DEBUG:: serenity.compress.screenshots=true
2026-04-23 15:06:33 [Test worker] DEBUG:: appium.app=C:\Users\CAPERAJU\Auto_Mi_Claro_APP/src/test/resources/app/mi-claro.apk
2026-04-23 15:06:33 [Test worker] DEBUG:: appium.autoGrantPermissions=true
2026-04-23 15:06:33 [Test worker] DEBUG:: feature.file.encoding=utf8
2026-04-23 15:06:33 [Test worker] DEBUG:: serenity.timeout=60000
2026-04-23 15:06:33 [Test worker] DEBUG:: ollama.analysis.interval=5
2026-04-23 15:06:33 [Test worker] DEBUG:: serenity.take.screenshots=FOR_EACH_ACTION
2026-04-23 15:06:33 [Test worker] DEBUG:: appium.autoDismissAlerts=true
2026-04-23 15:06:33 [Test worker] DEBUG:: ollama.url=http://127.0.0.1:11434/api/generate
2026-04-23 15:06:33 [Test worker] DEBUG:: appium.newCommandTimeout=3000
2026-04-23 15:06:33 [Test worker] DEBUG:: serenity.compress.filenames=false
2026-04-23 15:06:33 [Test worker] DEBUG:: appium.nativeWebScreenshot=true
2026-04-23 15:06:33 [Test worker] DEBUG:: appium.orientation=PORTRAIT
2026-04-23 15:06:33 [Test worker] DEBUG:: serenity.console.colors=true
2026-04-23 15:06:33 [Test worker] DEBUG:: appium.appPackage=com.clarocolombia.miclaro
2026-04-23 15:06:33 [Test worker] DEBUG:: webdriver.timeouts.implicitlywait=10000
2026-04-23 15:06:33 [Test worker] DEBUG:: webdriver.provided.mydriver=utils.MyDriver
2026-04-23 15:06:33 [Test worker] DEBUG:: serenity.listeners=listeners.OllamaStepListener
2026-04-23 15:06:33 [Test worker] DEBUG:: serenity.verbose.steps=true
2026-04-23 15:06:33 [Test worker] DEBUG:: appium.noReset=true
2026-04-23 15:06:33 [Test worker] DEBUG:: ollama.enabled=true
2026-04-23 15:06:33 [Test worker] DEBUG:: feature.file.language=es
2026-04-23 15:06:33 [Test worker] DEBUG:: LOADING LOCAL PROPERTIES FROM C:\Users\CAPERAJU\Auto_Mi_Claro_APP\serenity.properties 
2026-04-23 15:06:33 [Test worker] DEBUG:: LOADING LOCAL PROPERTIES FROM C:\Users\CAPERAJU\Auto_Mi_Claro_APP\serenity.properties 
2026-04-23 15:06:33 [Test worker] DEBUG:: LOADING LOCAL PROPERTIES FROM C:\Users\CAPERAJU\Auto_Mi_Claro_APP\serenity.properties 
2026-04-23 15:06:33 [Test worker] DEBUG:: appium.platformName=Android
2026-04-23 15:06:33 [Test worker] DEBUG:: serenity.resized.image.width=600
2026-04-23 15:06:33 [Test worker] DEBUG:: appium.automationName=UiAutomator2
2026-04-23 15:06:33 [Test worker] DEBUG:: appium.resetKeyboard=true
2026-04-23 15:06:33 [Test worker] DEBUG:: serenity.browser.maximized=true
2026-04-23 15:06:33 [Test worker] DEBUG:: serenity.logging=VERBOSE
2026-04-23 15:06:33 [Test worker] DEBUG:: serenity.batch.count=2
2026-04-23 15:06:33 [Test worker] DEBUG:: appium.appActivity=com.claro.superapp.SplashActivity
2026-04-23 15:06:33 [Test worker] DEBUG:: webdriver.wait.for.timeout=3000
2026-04-23 15:06:33 [Test worker] DEBUG:: serenity.outputDirectory=target/site/serenity
2026-04-23 15:06:33 [Test worker] DEBUG:: serenity.report.show.manual.tests=true
2026-04-23 15:06:33 [Test worker] DEBUG:: locators.max.send=100
2026-04-23 15:06:33 [Test worker] DEBUG:: locators.chunk.size=50
2026-04-23 15:06:33 [Test worker] DEBUG:: serenity.project.name=Mi Claro APP
2026-04-23 15:06:33 [Test worker] DEBUG:: serenity.reports.show.step.details=true
2026-04-23 15:06:33 [Test worker] DEBUG:: webdriver.driver=appium
2026-04-23 15:06:33 [Test worker] DEBUG:: serenity.report.encoding=utf8
2026-04-23 15:06:33 [Test worker] DEBUG:: appium.captureScreenshots=true
2026-04-23 15:06:33 [Test worker] DEBUG:: serenity.store.html.source=true
2026-04-23 15:06:33 [Test worker] DEBUG:: appium.unicodeKeyboard=true
2026-04-23 15:06:33 [Test worker] DEBUG:: serenity.batch.strategy=DIVIDE_EQUALLY
2026-04-23 15:06:33 [Test worker] DEBUG:: ollama.model=phi3
2026-04-23 15:06:33 [Test worker] DEBUG:: serenity.compress.screenshots=true
2026-04-23 15:06:33 [Test worker] DEBUG:: appium.app=C:\Users\CAPERAJU\Auto_Mi_Claro_APP/src/test/resources/app/mi-claro.apk
2026-04-23 15:06:33 [Test worker] DEBUG:: appium.autoGrantPermissions=true
2026-04-23 15:06:33 [Test worker] DEBUG:: feature.file.encoding=utf8
2026-04-23 15:06:33 [Test worker] DEBUG:: serenity.timeout=60000
2026-04-23 15:06:33 [Test worker] DEBUG:: ollama.analysis.interval=5
2026-04-23 15:06:33 [Test worker] DEBUG:: serenity.take.screenshots=FOR_EACH_ACTION
2026-04-23 15:06:33 [Test worker] DEBUG:: appium.autoDismissAlerts=true
2026-04-23 15:06:33 [Test worker] DEBUG:: ollama.url=http://127.0.0.1:11434/api/generate
2026-04-23 15:06:33 [Test worker] DEBUG:: appium.newCommandTimeout=3000
2026-04-23 15:06:33 [Test worker] DEBUG:: serenity.compress.filenames=false
2026-04-23 15:06:33 [Test worker] DEBUG:: appium.nativeWebScreenshot=true
2026-04-23 15:06:33 [Test worker] DEBUG:: appium.orientation=PORTRAIT
2026-04-23 15:06:33 [Test worker] DEBUG:: serenity.console.colors=true
2026-04-23 15:06:33 [Test worker] DEBUG:: appium.appPackage=com.clarocolombia.miclaro
2026-04-23 15:06:33 [Test worker] DEBUG:: webdriver.timeouts.implicitlywait=10000
2026-04-23 15:06:33 [Test worker] DEBUG:: webdriver.provided.mydriver=utils.MyDriver
2026-04-23 15:06:33 [Test worker] DEBUG:: serenity.listeners=listeners.OllamaStepListener
2026-04-23 15:06:33 [Test worker] DEBUG:: serenity.verbose.steps=true
2026-04-23 15:06:33 [Test worker] DEBUG:: appium.noReset=true
2026-04-23 15:06:33 [Test worker] DEBUG:: ollama.enabled=true
2026-04-23 15:06:33 [Test worker] DEBUG:: feature.file.language=es
2026-04-23 15:06:33 [Test worker] INFO :: ?[96m

-------------------------------------------------------------------------------------
     _______. _______ .______       _______ .__   __.  __  .___________.____    ____ 
    /       ||   ____||   _  \     |   ____||  \ |  | |  | |           |\   \  /   / 
   |   (----`|  |__   |  |_)  |    |  |__   |   \|  | |  | `---|  |----` \   \/   /  
    \   \    |   __|  |      /     |   __|  |  . `  | |  |     |  |       \_    _/   
.----)   |   |  |____ |  |\  \----.|  |____ |  |\   | |  |     |  |         |  |     
|_______/    |_______|| _| `._____||_______||__| \__| |__|     |__|         |__|    
                                                                                     
 News and tutorials at http://www.serenity-bdd.info                                  
 Documentation at https://wakaleo.gitbooks.io/the-serenity-book/content/             
 Join the Serenity Community on Rocket Chat at https://serenity-bdd.rocket.chat      
 Serenity BDD Support and Training at http://serenity-bdd.info/#/trainingandsupport  
 Learn Serenity BDD online at http://serenity-dojo.com                               
-------------------------------------------------------------------------------------
?[0m
2026-04-23 15:06:33 [Test worker] DEBUG:: Test suite started for story net.thucydides.core.model.Story@a85d0c9d
2026-04-23 15:06:33 [Test worker] INFO :: Test Suite Started: Ingresar al módulo de Atención al cliente y soporte con lìneas prepago
2026-04-23 15:06:33 [Test worker] DEBUG:: Test suite started for story net.thucydides.core.model.Story@5518a56a
2026-04-23 15:06:33 [Test worker] INFO :: Test Suite Started: Ingresar al módulo de Atención al cliente y soporte
2026-04-23 15:06:33 [Test worker] DEBUG:: Test suite started for story net.thucydides.core.model.Story@d6235acf
2026-04-23 15:06:33 [Test worker] INFO :: Test Suite Started: Ingresar al módulo de entretenimiento
2026-04-23 15:06:33 [Test worker] DEBUG:: Test suite started for story net.thucydides.core.model.Story@648815a3
2026-04-23 15:06:33 [Test worker] INFO :: Test Suite Started: Ingresar al modulo Explora y Compra
2026-04-23 15:06:33 [Test worker] DEBUG:: Test suite started for story net.thucydides.core.model.Story@9eae3d1c
2026-04-23 15:06:33 [Test worker] INFO :: Test Suite Started: Ingreso a la Super App
2026-04-23 15:06:33 [Test worker] DEBUG:: Test suite started for story net.thucydides.core.model.Story@2b8da26d
2026-04-23 15:06:33 [Test worker] INFO :: Test Suite Started: Ingresar al modulo pagos y consultas
2026-04-23 15:06:33 [Test worker] DEBUG:: Test suite started for story net.thucydides.core.model.Story@90743f21
2026-04-23 15:06:33 [Test worker] INFO :: Test Suite Started: Ingresar al modulo pagos y consultas en Prepago
2026-04-23 15:06:33 [Test worker] INFO :: Running slice 1 of 2 using fork 1 of 1 from feature paths [src/test/resources/features]
2026-04-23 15:06:33 [Test worker] DEBUG:: Feature paths are [src/test/resources/features]
2026-04-23 15:06:33 [Test worker] DEBUG:: Total weighting for 1 scenarios is 7, split across 2 slices provides average weighting per slice of 3.50
2026-04-23 15:06:33 [Test worker] DEBUG:: Total weighting for 1 scenarios is 7, split across 1 slices provides average weighting per slice of 7.00
2026-04-23 15:06:33 [Test worker] DEBUG:: Including in filtering 'Ingresar al modulo pagos y consultas' in pagosyconsultas.feature
2026-04-23 15:06:33 [Test worker] DEBUG:: Filtering for scenarios in feature Ingresar al modulo pagos y consultas
2026-04-23 15:06:33 [Test worker] DEBUG:: Scenario Ingresar al modulo pagos y consultas matches Ingresar al modulo pagos y consultas -> true
2026-04-23 15:06:33 [Test worker] DEBUG:: Test should run: true step: Ingresar a Administrar roaming - servicio activo(Ingresar al modulo pagos y consultas)
2026-04-23 15:06:33 [Test worker] INFO :: 1 scenario(s) included for 'Ingresar al modulo pagos y consultas' in src/test/resources/features/pagosyconsultas.feature
2026-04-23 15:06:33 [Test worker] INFO :: Included scenario 'Ingresar a Administrar roaming - servicio activo(Ingresar al modulo pagos y consultas)'
2026-04-23 15:06:33 [Test worker] INFO :: Running 1 of 1 features
2026-04-23 15:06:34 [Test worker] INFO :: 
 _____ _____ ____ _____   ____ _____  _    ____ _____ _____ ____  
|_   _| ____/ ___|_   _| / ___|_   _|/ \  |  _ \_   _| ____|  _ \ 
  | | |  _| \___ \ | |   \___ \ | | / _ \ | |_) || | |  _| | | | |
  | | | |___ ___) || |    ___) || |/ ___ \|  _ < | | | |___| |_| |
  |_| |_____|____/ |_|   |____/ |_/_/   \_\_| \_\|_| |_____|____/ 
                                                                  

TEST STARTED: Ingresar a Administrar roaming - servicio activo
-------------------------------------------------------------------(ingresar-al-modulo-pagos-y-consultas;ingresar-a-administrar-roaming---servicio-activo)
2026-04-23 15:06:34 [Test worker] DEBUG:: Found no Cucumber 4.2.6 class cucumber.runtime.model.FeatureLoader try Cucumber 4.2.0 
2026-04-23 15:06:34 [Test worker] DEBUG:: Found no Cucumber 4.2.0 class cucumber.runtime.model.FeatureLoader try Cucumber 2.x.x 
2026-04-23 15:06:34 [Test worker] DEBUG:: Found no Cucumber 4.2.6 class cucumber.runtime.model.FeatureLoader try Cucumber 4.2.0 
2026-04-23 15:06:34 [Test worker] DEBUG:: Found no Cucumber 4.2.0 class cucumber.runtime.model.FeatureLoader try Cucumber 2.x.x 
2026-04-23 15:06:34 [Test worker] DEBUG:: Found no Cucumber 4.2.6 class cucumber.runtime.model.FeatureLoader try Cucumber 4.2.0 
2026-04-23 15:06:34 [Test worker] DEBUG:: Found no Cucumber 4.2.0 class cucumber.runtime.model.FeatureLoader try Cucumber 2.x.x 
2026-04-23 15:06:34 [Test worker] DEBUG:: Found no Cucumber 4.2.6 class cucumber.runtime.model.FeatureLoader try Cucumber 4.2.0 
2026-04-23 15:06:34 [Test worker] DEBUG:: Found no Cucumber 4.2.0 class cucumber.runtime.model.FeatureLoader try Cucumber 2.x.x 
2026-04-23 15:06:34 [Test worker] DEBUG:: Found no Cucumber 4.2.6 class cucumber.runtime.model.FeatureLoader try Cucumber 4.2.0 
2026-04-23 15:06:34 [Test worker] DEBUG:: Found no Cucumber 4.2.0 class cucumber.runtime.model.FeatureLoader try Cucumber 2.x.x 
2026-04-23 15:06:34 [Test worker] DEBUG:: Found no Cucumber 4.2.6 class cucumber.runtime.model.FeatureLoader try Cucumber 4.2.0 
2026-04-23 15:06:34 [Test worker] DEBUG:: Found no Cucumber 4.2.0 class cucumber.runtime.model.FeatureLoader try Cucumber 2.x.x 
2026-04-23 15:06:34 [Test worker] DEBUG:: Found no Cucumber 4.2.6 class cucumber.runtime.model.FeatureLoader try Cucumber 4.2.0 
2026-04-23 15:06:34 [Test worker] DEBUG:: Found no Cucumber 4.2.0 class cucumber.runtime.model.FeatureLoader try Cucumber 2.x.x 
Feature: Ingresar al modulo pagos y consultas

  @SA079
  Scenario: Ingresar a Administrar roaming - servicio activo                     ?[90m# src/test/resources/features/pagosyconsultas.feature:422?[0m
2026-04-23 15:10:07 [Test worker] DEBUG:: Reporting formats: [JSON, HTML]
2026-04-23 15:10:07 [Test worker] DEBUG:: Reporting formats: [JSON, HTML]
2026-04-23 15:10:07 [Test worker] DEBUG:: Generating reports for 1 test outcomes using: net.thucydides.core.reports.json.JSONTestOutcomeReporter@2fe2fcc2
2026-04-23 15:10:07 [pool-1-thread-1] DEBUG:: Processing test outcome Ingresar al modulo pagos y consultas:Ingresar a Administrar roaming - servicio activo
2026-04-23 15:10:07 [pool-1-thread-1] DEBUG:: net.thucydides.core.reports.json.JSONTestOutcomeReporter@2fe2fcc2: Generating report for test outcome: Ingresar al modulo pagos y consultas:Ingresar a Administrar roaming - servicio activo
2026-04-23 15:10:07 [pool-1-thread-1] DEBUG:: Generating JSON report for Ingresar a Administrar roaming - servicio activo to file C:\Users\CAPERAJU\Auto_Mi_Claro_APP\target\site\serenity\ingresar_al_modulo_pagos_y_consultas_ingresar_a_administrar_roaming___servicio_activo.json (using temp file C:\Users\CAPERAJU\Auto_Mi_Claro_APP\target\site\serenity\ingresar_al_modulo_pagos_y_consultas_ingresar_a_administrar_roaming___servicio_activo.jsonbd3c672b-6f13-41bc-9a84-592e09646f30)
2026-04-23 15:10:07 [pool-1-thread-1] DEBUG:: Processing test outcome Ingresar al modulo pagos y consultas:Ingresar a Administrar roaming - servicio activo done
2026-04-23 15:10:07 [Test worker] DEBUG:: Shutting down executor service
2026-04-23 15:10:07 [Test worker] DEBUG:: Reports generated in: 41 ms
2026-04-23 15:10:07 [Test worker] DEBUG:: Generating reports for 1 test outcomes using: net.thucydides.core.reports.html.HtmlAcceptanceTestReporter@43b3b1b0
2026-04-23 15:10:07 [pool-2-thread-1] DEBUG:: Processing test outcome Ingresar al modulo pagos y consultas:Ingresar a Administrar roaming - servicio activo
2026-04-23 15:10:07 [pool-2-thread-1] DEBUG:: net.thucydides.core.reports.html.HtmlAcceptanceTestReporter@43b3b1b0: Generating report for test outcome: Ingresar al modulo pagos y consultas:Ingresar a Administrar roaming - servicio activo
2026-04-23 15:10:07 [pool-2-thread-1] DEBUG:: GENERATE TEST OUTCOME REPORT FOR Ingresar a Administrar roaming - servicio activo in ingresar_al_modulo_pagos_y_consultas_ingresar_a_administrar_roaming___servicio_activo
2026-04-23 15:10:07 [pool-2-thread-1] DEBUG:: Found no Cucumber 4.2.6 class cucumber.runtime.model.FeatureLoader try Cucumber 4.2.0 
2026-04-23 15:10:07 [pool-2-thread-1] DEBUG:: Found no Cucumber 4.2.0 class cucumber.runtime.model.FeatureLoader try Cucumber 2.x.x 
2026-04-23 15:10:07 [pool-2-thread-1] DEBUG:: Found no Cucumber 4.2.6 class cucumber.runtime.model.FeatureLoader try Cucumber 4.2.0 
2026-04-23 15:10:07 [pool-2-thread-1] DEBUG:: Found no Cucumber 4.2.0 class cucumber.runtime.model.FeatureLoader try Cucumber 2.x.x 
2026-04-23 15:10:07 [pool-2-thread-1] DEBUG:: Found no Cucumber 4.2.6 class cucumber.runtime.model.FeatureLoader try Cucumber 4.2.0 
2026-04-23 15:10:07 [pool-2-thread-1] DEBUG:: Found no Cucumber 4.2.0 class cucumber.runtime.model.FeatureLoader try Cucumber 2.x.x 
2026-04-23 15:10:07 [pool-2-thread-1] DEBUG:: Found no Cucumber 4.2.6 class cucumber.runtime.model.FeatureLoader try Cucumber 4.2.0 
2026-04-23 15:10:07 [pool-2-thread-1] DEBUG:: Found no Cucumber 4.2.0 class cucumber.runtime.model.FeatureLoader try Cucumber 2.x.x 
2026-04-23 15:10:07 [pool-2-thread-1] DEBUG:: Found no Cucumber 4.2.6 class cucumber.runtime.model.FeatureLoader try Cucumber 4.2.0 
2026-04-23 15:10:07 [pool-2-thread-1] DEBUG:: Found no Cucumber 4.2.0 class cucumber.runtime.model.FeatureLoader try Cucumber 2.x.x 
2026-04-23 15:10:07 [pool-2-thread-1] DEBUG:: Found no Cucumber 4.2.6 class cucumber.runtime.model.FeatureLoader try Cucumber 4.2.0 
2026-04-23 15:10:07 [pool-2-thread-1] DEBUG:: Found no Cucumber 4.2.0 class cucumber.runtime.model.FeatureLoader try Cucumber 2.x.x 
2026-04-23 15:10:07 [pool-2-thread-1] DEBUG:: Found no Cucumber 4.2.6 class cucumber.runtime.model.FeatureLoader try Cucumber 4.2.0 
2026-04-23 15:10:07 [pool-2-thread-1] DEBUG:: Found no Cucumber 4.2.0 class cucumber.runtime.model.FeatureLoader try Cucumber 2.x.x 
2026-04-23 15:10:07 [pool-2-thread-1] DEBUG::  found:[Requirement{name='Ingresar al módulo de Atención al cliente y soporte con lìneas prepago', type='feature' parent = 'null', cardNumber='null'}, Requirement{name='Ingresar al módulo de Atención al cliente y soporte', type='feature' parent = 'null', cardNumber='null'}, Requirement{name='Ingresar al módulo de entretenimiento', type='feature' parent = 'null', cardNumber='null'}, Requirement{name='Ingresar al modulo Explora y Compra', type='feature' parent = 'null', cardNumber='null'}, Requirement{name='Ingreso a la Super App', type='feature' parent = 'null', cardNumber='null'}, Requirement{name='Ingresar al modulo pagos y consultas', type='feature' parent = 'null', cardNumber='null'}, Requirement{name='Ingresar al modulo pagos y consultas en Prepago', type='feature' parent = 'null', cardNumber='null'}]
2026-04-23 15:10:07 [pool-2-thread-1] DEBUG:: Requirement found for test outcome Ingresar a Administrar roaming - servicio activo-[]: Optional[Requirement{name='Ingresar al modulo pagos y consultas', type='feature' parent = 'null', cardNumber='null'}]
2026-04-23 15:10:07 [pool-2-thread-1] DEBUG:: Requirement found for test outcome Ingresar a Administrar roaming - servicio activo-[]: Optional[Requirement{name='Ingresar al modulo pagos y consultas', type='feature' parent = 'null', cardNumber='null'}]
2026-04-23 15:10:07 [pool-2-thread-1] DEBUG:: Requirement found for test outcome Ingresar a Administrar roaming - servicio activo-[]: Optional[Requirement{name='Ingresar al modulo pagos y consultas', type='feature' parent = 'null', cardNumber='null'}]
2026-04-23 15:10:07 [pool-2-thread-1] DEBUG:: Requirement found for test outcome Ingresar a Administrar roaming - servicio activo-[]: Optional[Requirement{name='Ingresar al modulo pagos y consultas', type='feature' parent = 'null', cardNumber='null'}]
2026-04-23 15:10:07 [pool-2-thread-1] DEBUG:: Generating report in ingresar_al_modulo_pagos_y_consultas_ingresar_a_administrar_roaming___servicio_activo_screenshots.html
2026-04-23 15:10:07 [pool-2-thread-1] DEBUG:: Couldn't find template in cache for "freemarker/screenshots.ftl"("en_GB", UTF-8, parsed); will try to load it.
2026-04-23 15:10:07 [pool-2-thread-1] DEBUG:: TemplateLoader.findTemplateSource("freemarker/screenshots_en_GB.ftl"): Not found
2026-04-23 15:10:07 [pool-2-thread-1] DEBUG:: TemplateLoader.findTemplateSource("freemarker/screenshots_en.ftl"): Not found
2026-04-23 15:10:07 [pool-2-thread-1] DEBUG:: TemplateLoader.findTemplateSource("freemarker/screenshots.ftl"): Found
2026-04-23 15:10:07 [pool-2-thread-1] DEBUG:: Loading template for "freemarker/screenshots.ftl"("en_GB", UTF-8, parsed) from "jar:file:/C:/Users/CAPERAJU/.gradle/caches/modules-2/files-2.1/net.serenity-bdd/serenity-report-resources/2.1.0/41466b1bd868befac78a9d75b9770468f8605f0d/serenity-report-resources-2.1.0.jar!/freemarker/screenshots.ftl"
2026-04-23 15:10:07 [pool-2-thread-1] DEBUG:: Couldn't find template in cache for "freemarker/libraries/favicon.ftl"("en_GB", UTF-8, parsed); will try to load it.
2026-04-23 15:10:07 [pool-2-thread-1] DEBUG:: TemplateLoader.findTemplateSource("freemarker/libraries/favicon_en_GB.ftl"): Not found
2026-04-23 15:10:07 [pool-2-thread-1] DEBUG:: TemplateLoader.findTemplateSource("freemarker/libraries/favicon_en.ftl"): Not found
2026-04-23 15:10:07 [pool-2-thread-1] DEBUG:: TemplateLoader.findTemplateSource("freemarker/libraries/favicon.ftl"): Found
2026-04-23 15:10:07 [pool-2-thread-1] DEBUG:: Loading template for "freemarker/libraries/favicon.ftl"("en_GB", UTF-8, parsed) from "jar:file:/C:/Users/CAPERAJU/.gradle/caches/modules-2/files-2.1/net.serenity-bdd/serenity-report-resources/2.1.0/41466b1bd868befac78a9d75b9770468f8605f0d/serenity-report-resources-2.1.0.jar!/freemarker/libraries/favicon.ftl"
2026-04-23 15:10:07 [pool-2-thread-1] DEBUG:: Couldn't find template in cache for "freemarker/libraries/common.ftl"("en_GB", UTF-8, parsed); will try to load it.
2026-04-23 15:10:07 [pool-2-thread-1] DEBUG:: TemplateLoader.findTemplateSource("freemarker/libraries/common_en_GB.ftl"): Not found
2026-04-23 15:10:07 [pool-2-thread-1] DEBUG:: TemplateLoader.findTemplateSource("freemarker/libraries/common_en.ftl"): Not found
2026-04-23 15:10:07 [pool-2-thread-1] DEBUG:: TemplateLoader.findTemplateSource("freemarker/libraries/common.ftl"): Found
2026-04-23 15:10:07 [pool-2-thread-1] DEBUG:: Loading template for "freemarker/libraries/common.ftl"("en_GB", UTF-8, parsed) from "jar:file:/C:/Users/CAPERAJU/.gradle/caches/modules-2/files-2.1/net.serenity-bdd/serenity-report-resources/2.1.0/41466b1bd868befac78a9d75b9770468f8605f0d/serenity-report-resources-2.1.0.jar!/freemarker/libraries/common.ftl"
2026-04-23 15:10:07 [pool-2-thread-1] DEBUG:: Couldn't find template in cache for "freemarker/libraries/font-awesome.ftl"("en_GB", UTF-8, parsed); will try to load it.
2026-04-23 15:10:07 [pool-2-thread-1] DEBUG:: TemplateLoader.findTemplateSource("freemarker/libraries/font-awesome_en_GB.ftl"): Not found
2026-04-23 15:10:07 [pool-2-thread-1] DEBUG:: TemplateLoader.findTemplateSource("freemarker/libraries/font-awesome_en.ftl"): Not found
2026-04-23 15:10:07 [pool-2-thread-1] DEBUG:: TemplateLoader.findTemplateSource("freemarker/libraries/font-awesome.ftl"): Found
2026-04-23 15:10:07 [pool-2-thread-1] DEBUG:: Loading template for "freemarker/libraries/font-awesome.ftl"("en_GB", UTF-8, parsed) from "jar:file:/C:/Users/CAPERAJU/.gradle/caches/modules-2/files-2.1/net.serenity-bdd/serenity-report-resources/2.1.0/41466b1bd868befac78a9d75b9770468f8605f0d/serenity-report-resources-2.1.0.jar!/freemarker/libraries/font-awesome.ftl"
2026-04-23 15:10:07 [pool-2-thread-1] DEBUG:: Couldn't find template in cache for "freemarker/libraries/jquery.ftl"("en_GB", UTF-8, parsed); will try to load it.
2026-04-23 15:10:07 [pool-2-thread-1] DEBUG:: TemplateLoader.findTemplateSource("freemarker/libraries/jquery_en_GB.ftl"): Not found
2026-04-23 15:10:07 [pool-2-thread-1] DEBUG:: TemplateLoader.findTemplateSource("freemarker/libraries/jquery_en.ftl"): Not found
2026-04-23 15:10:07 [pool-2-thread-1] DEBUG:: TemplateLoader.findTemplateSource("freemarker/libraries/jquery.ftl"): Found
2026-04-23 15:10:07 [pool-2-thread-1] DEBUG:: Loading template for "freemarker/libraries/jquery.ftl"("en_GB", UTF-8, parsed) from "jar:file:/C:/Users/CAPERAJU/.gradle/caches/modules-2/files-2.1/net.serenity-bdd/serenity-report-resources/2.1.0/41466b1bd868befac78a9d75b9770468f8605f0d/serenity-report-resources-2.1.0.jar!/freemarker/libraries/jquery.ftl"
2026-04-23 15:10:07 [pool-2-thread-1] DEBUG:: Couldn't find template in cache for "freemarker/libraries/chartist.ftl"("en_GB", UTF-8, parsed); will try to load it.
2026-04-23 15:10:07 [pool-2-thread-1] DEBUG:: TemplateLoader.findTemplateSource("freemarker/libraries/chartist_en_GB.ftl"): Not found
2026-04-23 15:10:07 [pool-2-thread-1] DEBUG:: TemplateLoader.findTemplateSource("freemarker/libraries/chartist_en.ftl"): Not found
2026-04-23 15:10:07 [pool-2-thread-1] DEBUG:: TemplateLoader.findTemplateSource("freemarker/libraries/chartist.ftl"): Found
2026-04-23 15:10:07 [pool-2-thread-1] DEBUG:: Loading template for "freemarker/libraries/chartist.ftl"("en_GB", UTF-8, parsed) from "jar:file:/C:/Users/CAPERAJU/.gradle/caches/modules-2/files-2.1/net.serenity-bdd/serenity-report-resources/2.1.0/41466b1bd868befac78a9d75b9770468f8605f0d/serenity-report-resources-2.1.0.jar!/freemarker/libraries/chartist.ftl"
2026-04-23 15:10:07 [pool-2-thread-1] DEBUG:: Couldn't find template in cache for "freemarker/libraries/treeview.ftl"("en_GB", UTF-8, parsed); will try to load it.
2026-04-23 15:10:07 [pool-2-thread-1] DEBUG:: TemplateLoader.findTemplateSource("freemarker/libraries/treeview_en_GB.ftl"): Not found
2026-04-23 15:10:07 [pool-2-thread-1] DEBUG:: TemplateLoader.findTemplateSource("freemarker/libraries/treeview_en.ftl"): Not found
2026-04-23 15:10:07 [pool-2-thread-1] DEBUG:: TemplateLoader.findTemplateSource("freemarker/libraries/treeview.ftl"): Found
2026-04-23 15:10:07 [pool-2-thread-1] DEBUG:: Loading template for "freemarker/libraries/treeview.ftl"("en_GB", UTF-8, parsed) from "jar:file:/C:/Users/CAPERAJU/.gradle/caches/modules-2/files-2.1/net.serenity-bdd/serenity-report-resources/2.1.0/41466b1bd868befac78a9d75b9770468f8605f0d/serenity-report-resources-2.1.0.jar!/freemarker/libraries/treeview.ftl"
2026-04-23 15:10:07 [pool-2-thread-1] DEBUG:: Couldn't find template in cache for "freemarker/libraries/datatables.ftl"("en_GB", UTF-8, parsed); will try to load it.
2026-04-23 15:10:07 [pool-2-thread-1] DEBUG:: TemplateLoader.findTemplateSource("freemarker/libraries/datatables_en_GB.ftl"): Not found
2026-04-23 15:10:07 [pool-2-thread-1] DEBUG:: TemplateLoader.findTemplateSource("freemarker/libraries/datatables_en.ftl"): Not found
2026-04-23 15:10:07 [pool-2-thread-1] DEBUG:: TemplateLoader.findTemplateSource("freemarker/libraries/datatables.ftl"): Found
2026-04-23 15:10:07 [pool-2-thread-1] DEBUG:: Loading template for "freemarker/libraries/datatables.ftl"("en_GB", UTF-8, parsed) from "jar:file:/C:/Users/CAPERAJU/.gradle/caches/modules-2/files-2.1/net.serenity-bdd/serenity-report-resources/2.1.0/41466b1bd868befac78a9d75b9770468f8605f0d/serenity-report-resources-2.1.0.jar!/freemarker/libraries/datatables.ftl"
2026-04-23 15:10:07 [pool-2-thread-1] DEBUG:: Couldn't find template in cache for "freemarker/libraries/css.ftl"("en_GB", UTF-8, parsed); will try to load it.
2026-04-23 15:10:07 [pool-2-thread-1] DEBUG:: TemplateLoader.findTemplateSource("freemarker/libraries/css_en_GB.ftl"): Not found
2026-04-23 15:10:07 [pool-2-thread-1] DEBUG:: TemplateLoader.findTemplateSource("freemarker/libraries/css_en.ftl"): Not found
2026-04-23 15:10:07 [pool-2-thread-1] DEBUG:: TemplateLoader.findTemplateSource("freemarker/libraries/css.ftl"): Found
2026-04-23 15:10:07 [pool-2-thread-1] DEBUG:: Loading template for "freemarker/libraries/css.ftl"("en_GB", UTF-8, parsed) from "jar:file:/C:/Users/CAPERAJU/.gradle/caches/modules-2/files-2.1/net.serenity-bdd/serenity-report-resources/2.1.0/41466b1bd868befac78a9d75b9770468f8605f0d/serenity-report-resources-2.1.0.jar!/freemarker/libraries/css.ftl"
2026-04-23 15:10:07 [pool-2-thread-1] DEBUG:: Couldn't find template in cache for "freemarker/libraries/nivo-slider.ftl"("en_GB", UTF-8, parsed); will try to load it.
2026-04-23 15:10:07 [pool-2-thread-1] DEBUG:: TemplateLoader.findTemplateSource("freemarker/libraries/nivo-slider_en_GB.ftl"): Not found
2026-04-23 15:10:07 [pool-2-thread-1] DEBUG:: TemplateLoader.findTemplateSource("freemarker/libraries/nivo-slider_en.ftl"): Not found
2026-04-23 15:10:07 [pool-2-thread-1] DEBUG:: TemplateLoader.findTemplateSource("freemarker/libraries/nivo-slider.ftl"): Found
2026-04-23 15:10:07 [pool-2-thread-1] DEBUG:: Loading template for "freemarker/libraries/nivo-slider.ftl"("en_GB", UTF-8, parsed) from "jar:file:/C:/Users/CAPERAJU/.gradle/caches/modules-2/files-2.1/net.serenity-bdd/serenity-report-resources/2.1.0/41466b1bd868befac78a9d75b9770468f8605f0d/serenity-report-resources-2.1.0.jar!/freemarker/libraries/nivo-slider.ftl"
2026-04-23 15:10:07 [pool-2-thread-1] DEBUG:: Couldn't find template in cache for "freemarker/components/stacktrace.ftl"("en_GB", UTF-8, parsed); will try to load it.
2026-04-23 15:10:07 [pool-2-thread-1] DEBUG:: TemplateLoader.findTemplateSource("freemarker/components/stacktrace_en_GB.ftl"): Not found
2026-04-23 15:10:07 [pool-2-thread-1] DEBUG:: TemplateLoader.findTemplateSource("freemarker/components/stacktrace_en.ftl"): Not found
2026-04-23 15:10:07 [pool-2-thread-1] DEBUG:: TemplateLoader.findTemplateSource("freemarker/components/stacktrace.ftl"): Found
2026-04-23 15:10:07 [pool-2-thread-1] DEBUG:: Loading template for "freemarker/components/stacktrace.ftl"("en_GB", UTF-8, parsed) from "jar:file:/C:/Users/CAPERAJU/.gradle/caches/modules-2/files-2.1/net.serenity-bdd/serenity-report-resources/2.1.0/41466b1bd868befac78a9d75b9770468f8605f0d/serenity-report-resources-2.1.0.jar!/freemarker/components/stacktrace.ftl"
2026-04-23 15:10:07 [pool-2-thread-1] DEBUG:: Couldn't find template in cache for "freemarker/menu.ftl"("en_GB", UTF-8, parsed); will try to load it.
2026-04-23 15:10:07 [pool-2-thread-1] DEBUG:: TemplateLoader.findTemplateSource("freemarker/menu_en_GB.ftl"): Not found
2026-04-23 15:10:07 [pool-2-thread-1] DEBUG:: TemplateLoader.findTemplateSource("freemarker/menu_en.ftl"): Not found
2026-04-23 15:10:07 [pool-2-thread-1] DEBUG:: TemplateLoader.findTemplateSource("freemarker/menu.ftl"): Found
2026-04-23 15:10:07 [pool-2-thread-1] DEBUG:: Loading template for "freemarker/menu.ftl"("en_GB", UTF-8, parsed) from "jar:file:/C:/Users/CAPERAJU/.gradle/caches/modules-2/files-2.1/net.serenity-bdd/serenity-report-resources/2.1.0/41466b1bd868befac78a9d75b9770468f8605f0d/serenity-report-resources-2.1.0.jar!/freemarker/menu.ftl"
2026-04-23 15:10:07 [pool-2-thread-1] DEBUG:: Key "depthIndicatorForLevel" was not found on instance of net.thucydides.core.reports.html.Formatter. Introspection information for the class is: {resultRank=public net.thucydides.core.reports.html.ResultRankingFormatter net.thucydides.core.reports.html.Formatter.resultRank(), renderMarkdown=public java.lang.String net.thucydides.core.reports.html.Formatter.renderMarkdown(java.lang.String), getClass=public final native java.lang.Class java.lang.Object.getClass(), addMarkdownLineBreaks=public static java.lang.String net.thucydides.core.reports.html.Formatter.addMarkdownLineBreaks(java.lang.String), addLineBreaks=public static java.lang.String net.thucydides.core.reports.html.Formatter.addLineBreaks(java.lang.String), htmlCompatibleStepDescription=public java.lang.String net.thucydides.core.reports.html.Formatter.htmlCompatibleStepDescription(java.lang.Object), renderDescriptionWithEmbeddedResults=public java.lang.String net.thucydides.core.reports.html.Formatter.renderDescriptionWithEmbeddedResults(java.lang.String,net.thucydides.core.requirements.reports.RequirementsOutcomes), renderDescription=public java.lang.String net.thucydides.core.reports.html.Formatter.renderDescription(java.lang.String), renderText=public java.lang.String net.thucydides.core.reports.html.Formatter.renderText(java.lang.String), plainHtmlCompatible=public java.lang.String net.thucydides.core.reports.html.Formatter.plainHtmlCompatible(java.lang.Object), restQuery=public java.lang.String net.thucydides.core.reports.html.Formatter.restQuery(java.lang.String), renderTableDescription=public java.lang.String net.thucydides.core.reports.html.Formatter.renderTableDescription(java.lang.String,net.thucydides.core.requirements.reports.RequirementsOutcomes), resultIcon=public net.thucydides.core.reports.html.ResultIconFormatter net.thucydides.core.reports.html.Formatter.resultIcon(), hashCode=public native int java.lang.Object.hashCode(), renderHeaders=public java.lang.String net.thucydides.core.reports.html.Formatter.renderHeaders(java.lang.String), renderHtmlEscapedDescription=public java.lang.String net.thucydides.core.reports.html.Formatter.renderHtmlEscapedDescription(java.lang.String), class=freemarker.ext.beans.FastPropertyDescriptor@707c48c0, humanReadableFormOf=public java.lang.String net.thucydides.core.reports.html.Formatter.humanReadableFormOf(java.lang.String), humanReadableTitle=public java.lang.String net.thucydides.core.reports.html.Formatter.humanReadableTitle(java.lang.String), java.lang.Object@5eafef4f={public java.lang.String java.lang.Object.toString()=[Ljava.lang.Class;@410fbefb, public java.lang.String net.thucydides.core.reports.html.Formatter.htmlCompatibleStoryTitle(java.lang.Object)=[Ljava.lang.Class;@65b6aaf5, public java.lang.String net.thucydides.core.reports.html.Formatter.messageBody(java.lang.String)=[Ljava.lang.Class;@7dcb27dd, public java.lang.String net.thucydides.core.reports.html.Formatter.renderAsciidoc(java.lang.String)=[Ljava.lang.Class;@6fe34aec, public java.lang.String net.thucydides.core.reports.html.Formatter.truncatedHtmlCompatible(java.lang.String,int)=[Ljava.lang.Class;@53a7c98d, public boolean java.lang.Object.equals(java.lang.Object)=[Ljava.lang.Class;@316200e, public java.lang.String net.thucydides.core.reports.html.Formatter.htmlCompatible(java.lang.Object)=[Ljava.lang.Class;@27471a7e, public java.lang.String net.thucydides.core.reports.html.Formatter.escapedXML(java.lang.String)=[Ljava.lang.Class;@52069050, public java.lang.String net.thucydides.core.reports.html.Formatter.htmlCompatibleTestTitle(java.lang.Object)=[Ljava.lang.Class;@3f80d03c, public java.lang.String net.thucydides.core.reports.html.Formatter.formatWithFields(java.lang.String)=[Ljava.lang.Class;@d249192, public java.lang.String net.thucydides.core.reports.html.Formatter.convertAnyTables(java.lang.String)=[Ljava.lang.Class;@122ffea2, public java.lang.String net.thucydides.core.reports.html.Formatter.renderTitle(java.lang.String)=[Ljava.lang.Class;@74cd68a7, public net.thucydides.core.reports.html.ResultRankingFormatter net.thucydides.core.reports.html.Formatter.resultRank()=[Ljava.lang.Class;@4df55732, public java.lang.String net.thucydides.core.reports.html.Formatter.renderMarkdown(java.lang.String)=[Ljava.lang.Class;@64f4f71f, public static java.lang.String net.thucydides.core.reports.html.Formatter.addMarkdownLineBreaks(java.lang.String)=[Ljava.lang.Class;@943dfcd, public static java.lang.String net.thucydides.core.reports.html.Formatter.addLineBreaks(java.lang.String)=[Ljava.lang.Class;@16d41612, public java.lang.String net.thucydides.core.reports.html.Formatter.htmlCompatibleStepDescription(java.lang.Object)=[Ljava.lang.Class;@717f8f3d, public java.lang.String net.thucydides.core.reports.html.Formatter.renderDescriptionWithEmbeddedResults(java.lang.String,net.thucydides.core.requirements.reports.RequirementsOutcomes)=[Ljava.lang.Class;@3270c202, public native int java.lang.Object.hashCode()=[Ljava.lang.Class;@255ace36, public java.lang.String net.thucydides.core.reports.html.Formatter.renderText(java.lang.String)=[Ljava.lang.Class;@13083809, public java.lang.String net.thucydides.core.reports.html.Formatter.plainHtmlCompatible(java.lang.Object)=[Ljava.lang.Class;@1e834b32, public java.lang.String net.thucydides.core.reports.html.Formatter.restQuery(java.lang.String)=[Ljava.lang.Class;@2a57fa32, public java.lang.String net.thucydides.core.reports.html.Formatter.renderDescription(java.lang.String)=[Ljava.lang.Class;@590fba30, public java.lang.String net.thucydides.core.reports.html.Formatter.renderTableDescription(java.lang.String,net.thucydides.core.requirements.reports.RequirementsOutcomes)=[Ljava.lang.Class;@b151968, public net.thucydides.core.reports.html.ResultIconFormatter net.thucydides.core.reports.html.Formatter.resultIcon()=[Ljava.lang.Class;@fcb19e3, public java.lang.String net.thucydides.core.reports.html.Formatter.renderHeaders(java.lang.String)=[Ljava.lang.Class;@1a58f442, public java.lang.String net.thucydides.core.reports.html.Formatter.renderHtmlEscapedDescription(java.lang.String)=[Ljava.lang.Class;@3e221303, public final native java.lang.Class java.lang.Object.getClass()=[Ljava.lang.Class;@1d5f83f6, public java.lang.String net.thucydides.core.reports.html.Formatter.humanReadableFormOf(java.lang.String)=[Ljava.lang.Class;@4a0c85bf, public java.lang.String net.thucydides.core.reports.html.Formatter.humanReadableTitle(java.lang.String)=[Ljava.lang.Class;@172b9258}, htmlCompatibleStoryTitle=public java.lang.String net.thucydides.core.reports.html.Formatter.htmlCompatibleStoryTitle(java.lang.Object), messageBody=public java.lang.String net.thucydides.core.reports.html.Formatter.messageBody(java.lang.String), java.lang.Object@6a76a40=freemarker.ext.beans.OverloadedMethods@393f31b5, truncatedHtmlCompatible=public java.lang.String net.thucydides.core.reports.html.Formatter.truncatedHtmlCompatible(java.lang.String,int), renderAsciidoc=public java.lang.String net.thucydides.core.reports.html.Formatter.renderAsciidoc(java.lang.String), htmlCompatible=public java.lang.String net.thucydides.core.reports.html.Formatter.htmlCompatible(java.lang.Object), htmlAttributeCompatible=freemarker.ext.beans.OverloadedMethods@28bcd637, escapedXML=public java.lang.String net.thucydides.core.reports.html.Formatter.escapedXML(java.lang.String), htmlCompatibleTestTitle=public java.lang.String net.thucydides.core.reports.html.Formatter.htmlCompatibleTestTitle(java.lang.Object), equals=public boolean java.lang.Object.equals(java.lang.Object), formatWithFields=public java.lang.String net.thucydides.core.reports.html.Formatter.formatWithFields(java.lang.String), toString=public java.lang.String java.lang.Object.toString(), convertAnyTables=public java.lang.String net.thucydides.core.reports.html.Formatter.convertAnyTables(java.lang.String), renderTitle=public java.lang.String net.thucydides.core.reports.html.Formatter.renderTitle(java.lang.String)}
2026-04-23 15:10:07 [pool-2-thread-1] DEBUG:: Key "depthIndicatorForLevel" was not found on instance of net.thucydides.core.reports.html.Formatter. Introspection information for the class is: {resultRank=public net.thucydides.core.reports.html.ResultRankingFormatter net.thucydides.core.reports.html.Formatter.resultRank(), renderMarkdown=public java.lang.String net.thucydides.core.reports.html.Formatter.renderMarkdown(java.lang.String), getClass=public final native java.lang.Class java.lang.Object.getClass(), addMarkdownLineBreaks=public static java.lang.String net.thucydides.core.reports.html.Formatter.addMarkdownLineBreaks(java.lang.String), addLineBreaks=public static java.lang.String net.thucydides.core.reports.html.Formatter.addLineBreaks(java.lang.String), htmlCompatibleStepDescription=public java.lang.String net.thucydides.core.reports.html.Formatter.htmlCompatibleStepDescription(java.lang.Object), renderDescriptionWithEmbeddedResults=public java.lang.String net.thucydides.core.reports.html.Formatter.renderDescriptionWithEmbeddedResults(java.lang.String,net.thucydides.core.requirements.reports.RequirementsOutcomes), renderDescription=public java.lang.String net.thucydides.core.reports.html.Formatter.renderDescription(java.lang.String), renderText=public java.lang.String net.thucydides.core.reports.html.Formatter.renderText(java.lang.String), plainHtmlCompatible=public java.lang.String net.thucydides.core.reports.html.Formatter.plainHtmlCompatible(java.lang.Object), restQuery=public java.lang.String net.thucydides.core.reports.html.Formatter.restQuery(java.lang.String), renderTableDescription=public java.lang.String net.thucydides.core.reports.html.Formatter.renderTableDescription(java.lang.String,net.thucydides.core.requirements.reports.RequirementsOutcomes), resultIcon=public net.thucydides.core.reports.html.ResultIconFormatter net.thucydides.core.reports.html.Formatter.resultIcon(), hashCode=public native int java.lang.Object.hashCode(), renderHeaders=public java.lang.String net.thucydides.core.reports.html.Formatter.renderHeaders(java.lang.String), renderHtmlEscapedDescription=public java.lang.String net.thucydides.core.reports.html.Formatter.renderHtmlEscapedDescription(java.lang.String), class=freemarker.ext.beans.FastPropertyDescriptor@707c48c0, humanReadableFormOf=public java.lang.String net.thucydides.core.reports.html.Formatter.humanReadableFormOf(java.lang.String), humanReadableTitle=public java.lang.String net.thucydides.core.reports.html.Formatter.humanReadableTitle(java.lang.String), java.lang.Object@5eafef4f={public java.lang.String java.lang.Object.toString()=[Ljava.lang.Class;@410fbefb, public java.lang.String net.thucydides.core.reports.html.Formatter.htmlCompatibleStoryTitle(java.lang.Object)=[Ljava.lang.Class;@65b6aaf5, public java.lang.String net.thucydides.core.reports.html.Formatter.messageBody(java.lang.String)=[Ljava.lang.Class;@7dcb27dd, public java.lang.String net.thucydides.core.reports.html.Formatter.renderAsciidoc(java.lang.String)=[Ljava.lang.Class;@6fe34aec, public java.lang.String net.thucydides.core.reports.html.Formatter.truncatedHtmlCompatible(java.lang.String,int)=[Ljava.lang.Class;@53a7c98d, public boolean java.lang.Object.equals(java.lang.Object)=[Ljava.lang.Class;@316200e, public java.lang.String net.thucydides.core.reports.html.Formatter.htmlCompatible(java.lang.Object)=[Ljava.lang.Class;@27471a7e, public java.lang.String net.thucydides.core.reports.html.Formatter.escapedXML(java.lang.String)=[Ljava.lang.Class;@52069050, public java.lang.String net.thucydides.core.reports.html.Formatter.htmlCompatibleTestTitle(java.lang.Object)=[Ljava.lang.Class;@3f80d03c, public java.lang.String net.thucydides.core.reports.html.Formatter.formatWithFields(java.lang.String)=[Ljava.lang.Class;@d249192, public java.lang.String net.thucydides.core.reports.html.Formatter.convertAnyTables(java.lang.String)=[Ljava.lang.Class;@122ffea2, public java.lang.String net.thucydides.core.reports.html.Formatter.renderTitle(java.lang.String)=[Ljava.lang.Class;@74cd68a7, public net.thucydides.core.reports.html.ResultRankingFormatter net.thucydides.core.reports.html.Formatter.resultRank()=[Ljava.lang.Class;@4df55732, public java.lang.String net.thucydides.core.reports.html.Formatter.renderMarkdown(java.lang.String)=[Ljava.lang.Class;@64f4f71f, public static java.lang.String net.thucydides.core.reports.html.Formatter.addMarkdownLineBreaks(java.lang.String)=[Ljava.lang.Class;@943dfcd, public static java.lang.String net.thucydides.core.reports.html.Formatter.addLineBreaks(java.lang.String)=[Ljava.lang.Class;@16d41612, public java.lang.String net.thucydides.core.reports.html.Formatter.htmlCompatibleStepDescription(java.lang.Object)=[Ljava.lang.Class;@717f8f3d, public java.lang.String net.thucydides.core.reports.html.Formatter.renderDescriptionWithEmbeddedResults(java.lang.String,net.thucydides.core.requirements.reports.RequirementsOutcomes)=[Ljava.lang.Class;@3270c202, public native int java.lang.Object.hashCode()=[Ljava.lang.Class;@255ace36, public java.lang.String net.thucydides.core.reports.html.Formatter.renderText(java.lang.String)=[Ljava.lang.Class;@13083809, public java.lang.String net.thucydides.core.reports.html.Formatter.plainHtmlCompatible(java.lang.Object)=[Ljava.lang.Class;@1e834b32, public java.lang.String net.thucydides.core.reports.html.Formatter.restQuery(java.lang.String)=[Ljava.lang.Class;@2a57fa32, public java.lang.String net.thucydides.core.reports.html.Formatter.renderDescription(java.lang.String)=[Ljava.lang.Class;@590fba30, public java.lang.String net.thucydides.core.reports.html.Formatter.renderTableDescription(java.lang.String,net.thucydides.core.requirements.reports.RequirementsOutcomes)=[Ljava.lang.Class;@b151968, public net.thucydides.core.reports.html.ResultIconFormatter net.thucydides.core.reports.html.Formatter.resultIcon()=[Ljava.lang.Class;@fcb19e3, public java.lang.String net.thucydides.core.reports.html.Formatter.renderHeaders(java.lang.String)=[Ljava.lang.Class;@1a58f442, public java.lang.String net.thucydides.core.reports.html.Formatter.renderHtmlEscapedDescription(java.lang.String)=[Ljava.lang.Class;@3e221303, public final native java.lang.Class java.lang.Object.getClass()=[Ljava.lang.Class;@1d5f83f6, public java.lang.String net.thucydides.core.reports.html.Formatter.humanReadableFormOf(java.lang.String)=[Ljava.lang.Class;@4a0c85bf, public java.lang.String net.thucydides.core.reports.html.Formatter.humanReadableTitle(java.lang.String)=[Ljava.lang.Class;@172b9258}, htmlCompatibleStoryTitle=public java.lang.String net.thucydides.core.reports.html.Formatter.htmlCompatibleStoryTitle(java.lang.Object), messageBody=public java.lang.String net.thucydides.core.reports.html.Formatter.messageBody(java.lang.String), java.lang.Object@6a76a40=freemarker.ext.beans.OverloadedMethods@393f31b5, truncatedHtmlCompatible=public java.lang.String net.thucydides.core.reports.html.Formatter.truncatedHtmlCompatible(java.lang.String,int), renderAsciidoc=public java.lang.String net.thucydides.core.reports.html.Formatter.renderAsciidoc(java.lang.String), htmlCompatible=public java.lang.String net.thucydides.core.reports.html.Formatter.htmlCompatible(java.lang.Object), htmlAttributeCompatible=freemarker.ext.beans.OverloadedMethods@28bcd637, escapedXML=public java.lang.String net.thucydides.core.reports.html.Formatter.escapedXML(java.lang.String), htmlCompatibleTestTitle=public java.lang.String net.thucydides.core.reports.html.Formatter.htmlCompatibleTestTitle(java.lang.Object), equals=public boolean java.lang.Object.equals(java.lang.Object), formatWithFields=public java.lang.String net.thucydides.core.reports.html.Formatter.formatWithFields(java.lang.String), toString=public java.lang.String java.lang.Object.toString(), convertAnyTables=public java.lang.String net.thucydides.core.reports.html.Formatter.convertAnyTables(java.lang.String), renderTitle=public java.lang.String net.thucydides.core.reports.html.Formatter.renderTitle(java.lang.String)}
2026-04-23 15:10:07 [pool-2-thread-1] DEBUG:: Key "depthIndicatorForLevel" was not found on instance of net.thucydides.core.reports.html.Formatter. Introspection information for the class is: {resultRank=public net.thucydides.core.reports.html.ResultRankingFormatter net.thucydides.core.reports.html.Formatter.resultRank(), renderMarkdown=public java.lang.String net.thucydides.core.reports.html.Formatter.renderMarkdown(java.lang.String), getClass=public final native java.lang.Class java.lang.Object.getClass(), addMarkdownLineBreaks=public static java.lang.String net.thucydides.core.reports.html.Formatter.addMarkdownLineBreaks(java.lang.String), addLineBreaks=public static java.lang.String net.thucydides.core.reports.html.Formatter.addLineBreaks(java.lang.String), htmlCompatibleStepDescription=public java.lang.String net.thucydides.core.reports.html.Formatter.htmlCompatibleStepDescription(java.lang.Object), renderDescriptionWithEmbeddedResults=public java.lang.String net.thucydides.core.reports.html.Formatter.renderDescriptionWithEmbeddedResults(java.lang.String,net.thucydides.core.requirements.reports.RequirementsOutcomes), renderDescription=public java.lang.String net.thucydides.core.reports.html.Formatter.renderDescription(java.lang.String), renderText=public java.lang.String net.thucydides.core.reports.html.Formatter.renderText(java.lang.String), plainHtmlCompatible=public java.lang.String net.thucydides.core.reports.html.Formatter.plainHtmlCompatible(java.lang.Object), restQuery=public java.lang.String net.thucydides.core.reports.html.Formatter.restQuery(java.lang.String), renderTableDescription=public java.lang.String net.thucydides.core.reports.html.Formatter.renderTableDescription(java.lang.String,net.thucydides.core.requirements.reports.RequirementsOutcomes), resultIcon=public net.thucydides.core.reports.html.ResultIconFormatter net.thucydides.core.reports.html.Formatter.resultIcon(), hashCode=public native int java.lang.Object.hashCode(), renderHeaders=public java.lang.String net.thucydides.core.reports.html.Formatter.renderHeaders(java.lang.String), renderHtmlEscapedDescription=public java.lang.String net.thucydides.core.reports.html.Formatter.renderHtmlEscapedDescription(java.lang.String), class=freemarker.ext.beans.FastPropertyDescriptor@707c48c0, humanReadableFormOf=public java.lang.String net.thucydides.core.reports.html.Formatter.humanReadableFormOf(java.lang.String), humanReadableTitle=public java.lang.String net.thucydides.core.reports.html.Formatter.humanReadableTitle(java.lang.String), java.lang.Object@5eafef4f={public java.lang.String java.lang.Object.toString()=[Ljava.lang.Class;@410fbefb, public java.lang.String net.thucydides.core.reports.html.Formatter.htmlCompatibleStoryTitle(java.lang.Object)=[Ljava.lang.Class;@65b6aaf5, public java.lang.String net.thucydides.core.reports.html.Formatter.messageBody(java.lang.String)=[Ljava.lang.Class;@7dcb27dd, public java.lang.String net.thucydides.core.reports.html.Formatter.renderAsciidoc(java.lang.String)=[Ljava.lang.Class;@6fe34aec, public java.lang.String net.thucydides.core.reports.html.Formatter.truncatedHtmlCompatible(java.lang.String,int)=[Ljava.lang.Class;@53a7c98d, public boolean java.lang.Object.equals(java.lang.Object)=[Ljava.lang.Class;@316200e, public java.lang.String net.thucydides.core.reports.html.Formatter.htmlCompatible(java.lang.Object)=[Ljava.lang.Class;@27471a7e, public java.lang.String net.thucydides.core.reports.html.Formatter.escapedXML(java.lang.String)=[Ljava.lang.Class;@52069050, public java.lang.String net.thucydides.core.reports.html.Formatter.htmlCompatibleTestTitle(java.lang.Object)=[Ljava.lang.Class;@3f80d03c, public java.lang.String net.thucydides.core.reports.html.Formatter.formatWithFields(java.lang.String)=[Ljava.lang.Class;@d249192, public java.lang.String net.thucydides.core.reports.html.Formatter.convertAnyTables(java.lang.String)=[Ljava.lang.Class;@122ffea2, public java.lang.String net.thucydides.core.reports.html.Formatter.renderTitle(java.lang.String)=[Ljava.lang.Class;@74cd68a7, public net.thucydides.core.reports.html.ResultRankingFormatter net.thucydides.core.reports.html.Formatter.resultRank()=[Ljava.lang.Class;@4df55732, public java.lang.String net.thucydides.core.reports.html.Formatter.renderMarkdown(java.lang.String)=[Ljava.lang.Class;@64f4f71f, public static java.lang.String net.thucydides.core.reports.html.Formatter.addMarkdownLineBreaks(java.lang.String)=[Ljava.lang.Class;@943dfcd, public static java.lang.String net.thucydides.core.reports.html.Formatter.addLineBreaks(java.lang.String)=[Ljava.lang.Class;@16d41612, public java.lang.String net.thucydides.core.reports.html.Formatter.htmlCompatibleStepDescription(java.lang.Object)=[Ljava.lang.Class;@717f8f3d, public java.lang.String net.thucydides.core.reports.html.Formatter.renderDescriptionWithEmbeddedResults(java.lang.String,net.thucydides.core.requirements.reports.RequirementsOutcomes)=[Ljava.lang.Class;@3270c202, public native int java.lang.Object.hashCode()=[Ljava.lang.Class;@255ace36, public java.lang.String net.thucydides.core.reports.html.Formatter.renderText(java.lang.String)=[Ljava.lang.Class;@13083809, public java.lang.String net.thucydides.core.reports.html.Formatter.plainHtmlCompatible(java.lang.Object)=[Ljava.lang.Class;@1e834b32, public java.lang.String net.thucydides.core.reports.html.Formatter.restQuery(java.lang.String)=[Ljava.lang.Class;@2a57fa32, public java.lang.String net.thucydides.core.reports.html.Formatter.renderDescription(java.lang.String)=[Ljava.lang.Class;@590fba30, public java.lang.String net.thucydides.core.reports.html.Formatter.renderTableDescription(java.lang.String,net.thucydides.core.requirements.reports.RequirementsOutcomes)=[Ljava.lang.Class;@b151968, public net.thucydides.core.reports.html.ResultIconFormatter net.thucydides.core.reports.html.Formatter.resultIcon()=[Ljava.lang.Class;@fcb19e3, public java.lang.String net.thucydides.core.reports.html.Formatter.renderHeaders(java.lang.String)=[Ljava.lang.Class;@1a58f442, public java.lang.String net.thucydides.core.reports.html.Formatter.renderHtmlEscapedDescription(java.lang.String)=[Ljava.lang.Class;@3e221303, public final native java.lang.Class java.lang.Object.getClass()=[Ljava.lang.Class;@1d5f83f6, public java.lang.String net.thucydides.core.reports.html.Formatter.humanReadableFormOf(java.lang.String)=[Ljava.lang.Class;@4a0c85bf, public java.lang.String net.thucydides.core.reports.html.Formatter.humanReadableTitle(java.lang.String)=[Ljava.lang.Class;@172b9258}, htmlCompatibleStoryTitle=public java.lang.String net.thucydides.core.reports.html.Formatter.htmlCompatibleStoryTitle(java.lang.Object), messageBody=public java.lang.String net.thucydides.core.reports.html.Formatter.messageBody(java.lang.String), java.lang.Object@6a76a40=freemarker.ext.beans.OverloadedMethods@393f31b5, truncatedHtmlCompatible=public java.lang.String net.thucydides.core.reports.html.Formatter.truncatedHtmlCompatible(java.lang.String,int), renderAsciidoc=public java.lang.String net.thucydides.core.reports.html.Formatter.renderAsciidoc(java.lang.String), htmlCompatible=public java.lang.String net.thucydides.core.reports.html.Formatter.htmlCompatible(java.lang.Object), htmlAttributeCompatible=freemarker.ext.beans.OverloadedMethods@28bcd637, escapedXML=public java.lang.String net.thucydides.core.reports.html.Formatter.escapedXML(java.lang.String), htmlCompatibleTestTitle=public java.lang.String net.thucydides.core.reports.html.Formatter.htmlCompatibleTestTitle(java.lang.Object), equals=public boolean java.lang.Object.equals(java.lang.Object), formatWithFields=public java.lang.String net.thucydides.core.reports.html.Formatter.formatWithFields(java.lang.String), toString=public java.lang.String java.lang.Object.toString(), convertAnyTables=public java.lang.String net.thucydides.core.reports.html.Formatter.convertAnyTables(java.lang.String), renderTitle=public java.lang.String net.thucydides.core.reports.html.Formatter.renderTitle(java.lang.String)}
2026-04-23 15:10:07 [pool-2-thread-1] DEBUG:: Key "depthIndicatorForLevel" was not found on instance of net.thucydides.core.reports.html.Formatter. Introspection information for the class is: {resultRank=public net.thucydides.core.reports.html.ResultRankingFormatter net.thucydides.core.reports.html.Formatter.resultRank(), renderMarkdown=public java.lang.String net.thucydides.core.reports.html.Formatter.renderMarkdown(java.lang.String), getClass=public final native java.lang.Class java.lang.Object.getClass(), addMarkdownLineBreaks=public static java.lang.String net.thucydides.core.reports.html.Formatter.addMarkdownLineBreaks(java.lang.String), addLineBreaks=public static java.lang.String net.thucydides.core.reports.html.Formatter.addLineBreaks(java.lang.String), htmlCompatibleStepDescription=public java.lang.String net.thucydides.core.reports.html.Formatter.htmlCompatibleStepDescription(java.lang.Object), renderDescriptionWithEmbeddedResults=public java.lang.String net.thucydides.core.reports.html.Formatter.renderDescriptionWithEmbeddedResults(java.lang.String,net.thucydides.core.requirements.reports.RequirementsOutcomes), renderDescription=public java.lang.String net.thucydides.core.reports.html.Formatter.renderDescription(java.lang.String), renderText=public java.lang.String net.thucydides.core.reports.html.Formatter.renderText(java.lang.String), plainHtmlCompatible=public java.lang.String net.thucydides.core.reports.html.Formatter.plainHtmlCompatible(java.lang.Object), restQuery=public java.lang.String net.thucydides.core.reports.html.Formatter.restQuery(java.lang.String), renderTableDescription=public java.lang.String net.thucydides.core.reports.html.Formatter.renderTableDescription(java.lang.String,net.thucydides.core.requirements.reports.RequirementsOutcomes), resultIcon=public net.thucydides.core.reports.html.ResultIconFormatter net.thucydides.core.reports.html.Formatter.resultIcon(), hashCode=public native int java.lang.Object.hashCode(), renderHeaders=public java.lang.String net.thucydides.core.reports.html.Formatter.renderHeaders(java.lang.String), renderHtmlEscapedDescription=public java.lang.String net.thucydides.core.reports.html.Formatter.renderHtmlEscapedDescription(java.lang.String), class=freemarker.ext.beans.FastPropertyDescriptor@707c48c0, humanReadableFormOf=public java.lang.String net.thucydides.core.reports.html.Formatter.humanReadableFormOf(java.lang.String), humanReadableTitle=public java.lang.String net.thucydides.core.reports.html.Formatter.humanReadableTitle(java.lang.String), java.lang.Object@5eafef4f={public java.lang.String java.lang.Object.toString()=[Ljava.lang.Class;@410fbefb, public java.lang.String net.thucydides.core.reports.html.Formatter.htmlCompatibleStoryTitle(java.lang.Object)=[Ljava.lang.Class;@65b6aaf5, public java.lang.String net.thucydides.core.reports.html.Formatter.messageBody(java.lang.String)=[Ljava.lang.Class;@7dcb27dd, public java.lang.String net.thucydides.core.reports.html.Formatter.renderAsciidoc(java.lang.String)=[Ljava.lang.Class;@6fe34aec, public java.lang.String net.thucydides.core.reports.html.Formatter.truncatedHtmlCompatible(java.lang.String,int)=[Ljava.lang.Class;@53a7c98d, public boolean java.lang.Object.equals(java.lang.Object)=[Ljava.lang.Class;@316200e, public java.lang.String net.thucydides.core.reports.html.Formatter.htmlCompatible(java.lang.Object)=[Ljava.lang.Class;@27471a7e, public java.lang.String net.thucydides.core.reports.html.Formatter.escapedXML(java.lang.String)=[Ljava.lang.Class;@52069050, public java.lang.String net.thucydides.core.reports.html.Formatter.htmlCompatibleTestTitle(java.lang.Object)=[Ljava.lang.Class;@3f80d03c, public java.lang.String net.thucydides.core.reports.html.Formatter.formatWithFields(java.lang.String)=[Ljava.lang.Class;@d249192, public java.lang.String net.thucydides.core.reports.html.Formatter.convertAnyTables(java.lang.String)=[Ljava.lang.Class;@122ffea2, public java.lang.String net.thucydides.core.reports.html.Formatter.renderTitle(java.lang.String)=[Ljava.lang.Class;@74cd68a7, public net.thucydides.core.reports.html.ResultRankingFormatter net.thucydides.core.reports.html.Formatter.resultRank()=[Ljava.lang.Class;@4df55732, public java.lang.String net.thucydides.core.reports.html.Formatter.renderMarkdown(java.lang.String)=[Ljava.lang.Class;@64f4f71f, public static java.lang.String net.thucydides.core.reports.html.Formatter.addMarkdownLineBreaks(java.lang.String)=[Ljava.lang.Class;@943dfcd, public static java.lang.String net.thucydides.core.reports.html.Formatter.addLineBreaks(java.lang.String)=[Ljava.lang.Class;@16d41612, public java.lang.String net.thucydides.core.reports.html.Formatter.htmlCompatibleStepDescription(java.lang.Object)=[Ljava.lang.Class;@717f8f3d, public java.lang.String net.thucydides.core.reports.html.Formatter.renderDescriptionWithEmbeddedResults(java.lang.String,net.thucydides.core.requirements.reports.RequirementsOutcomes)=[Ljava.lang.Class;@3270c202, public native int java.lang.Object.hashCode()=[Ljava.lang.Class;@255ace36, public java.lang.String net.thucydides.core.reports.html.Formatter.renderText(java.lang.String)=[Ljava.lang.Class;@13083809, public java.lang.String net.thucydides.core.reports.html.Formatter.plainHtmlCompatible(java.lang.Object)=[Ljava.lang.Class;@1e834b32, public java.lang.String net.thucydides.core.reports.html.Formatter.restQuery(java.lang.String)=[Ljava.lang.Class;@2a57fa32, public java.lang.String net.thucydides.core.reports.html.Formatter.renderDescription(java.lang.String)=[Ljava.lang.Class;@590fba30, public java.lang.String net.thucydides.core.reports.html.Formatter.renderTableDescription(java.lang.String,net.thucydides.core.requirements.reports.RequirementsOutcomes)=[Ljava.lang.Class;@b151968, public net.thucydides.core.reports.html.ResultIconFormatter net.thucydides.core.reports.html.Formatter.resultIcon()=[Ljava.lang.Class;@fcb19e3, public java.lang.String net.thucydides.core.reports.html.Formatter.renderHeaders(java.lang.String)=[Ljava.lang.Class;@1a58f442, public java.lang.String net.thucydides.core.reports.html.Formatter.renderHtmlEscapedDescription(java.lang.String)=[Ljava.lang.Class;@3e221303, public final native java.lang.Class java.lang.Object.getClass()=[Ljava.lang.Class;@1d5f83f6, public java.lang.String net.thucydides.core.reports.html.Formatter.humanReadableFormOf(java.lang.String)=[Ljava.lang.Class;@4a0c85bf, public java.lang.String net.thucydides.core.reports.html.Formatter.humanReadableTitle(java.lang.String)=[Ljava.lang.Class;@172b9258}, htmlCompatibleStoryTitle=public java.lang.String net.thucydides.core.reports.html.Formatter.htmlCompatibleStoryTitle(java.lang.Object), messageBody=public java.lang.String net.thucydides.core.reports.html.Formatter.messageBody(java.lang.String), java.lang.Object@6a76a40=freemarker.ext.beans.OverloadedMethods@393f31b5, truncatedHtmlCompatible=public java.lang.String net.thucydides.core.reports.html.Formatter.truncatedHtmlCompatible(java.lang.String,int), renderAsciidoc=public java.lang.String net.thucydides.core.reports.html.Formatter.renderAsciidoc(java.lang.String), htmlCompatible=public java.lang.String net.thucydides.core.reports.html.Formatter.htmlCompatible(java.lang.Object), htmlAttributeCompatible=freemarker.ext.beans.OverloadedMethods@28bcd637, escapedXML=public java.lang.String net.thucydides.core.reports.html.Formatter.escapedXML(java.lang.String), htmlCompatibleTestTitle=public java.lang.String net.thucydides.core.reports.html.Formatter.htmlCompatibleTestTitle(java.lang.Object), equals=public boolean java.lang.Object.equals(java.lang.Object), formatWithFields=public java.lang.String net.thucydides.core.reports.html.Formatter.formatWithFields(java.lang.String), toString=public java.lang.String java.lang.Object.toString(), convertAnyTables=public java.lang.String net.thucydides.core.reports.html.Formatter.convertAnyTables(java.lang.String), renderTitle=public java.lang.String net.thucydides.core.reports.html.Formatter.renderTitle(java.lang.String)}
2026-04-23 15:10:07 [pool-2-thread-1] DEBUG:: Key "depthIndicatorForLevel" was not found on instance of net.thucydides.core.reports.html.Formatter. Introspection information for the class is: {resultRank=public net.thucydides.core.reports.html.ResultRankingFormatter net.thucydides.core.reports.html.Formatter.resultRank(), renderMarkdown=public java.lang.String net.thucydides.core.reports.html.Formatter.renderMarkdown(java.lang.String), getClass=public final native java.lang.Class java.lang.Object.getClass(), addMarkdownLineBreaks=public static java.lang.String net.thucydides.core.reports.html.Formatter.addMarkdownLineBreaks(java.lang.String), addLineBreaks=public static java.lang.String net.thucydides.core.reports.html.Formatter.addLineBreaks(java.lang.String), htmlCompatibleStepDescription=public java.lang.String net.thucydides.core.reports.html.Formatter.htmlCompatibleStepDescription(java.lang.Object), renderDescriptionWithEmbeddedResults=public java.lang.String net.thucydides.core.reports.html.Formatter.renderDescriptionWithEmbeddedResults(java.lang.String,net.thucydides.core.requirements.reports.RequirementsOutcomes), renderDescription=public java.lang.String net.thucydides.core.reports.html.Formatter.renderDescription(java.lang.String), renderText=public java.lang.String net.thucydides.core.reports.html.Formatter.renderText(java.lang.String), plainHtmlCompatible=public java.lang.String net.thucydides.core.reports.html.Formatter.plainHtmlCompatible(java.lang.Object), restQuery=public java.lang.String net.thucydides.core.reports.html.Formatter.restQuery(java.lang.String), renderTableDescription=public java.lang.String net.thucydides.core.reports.html.Formatter.renderTableDescription(java.lang.String,net.thucydides.core.requirements.reports.RequirementsOutcomes), resultIcon=public net.thucydides.core.reports.html.ResultIconFormatter net.thucydides.core.reports.html.Formatter.resultIcon(), hashCode=public native int java.lang.Object.hashCode(), renderHeaders=public java.lang.String net.thucydides.core.reports.html.Formatter.renderHeaders(java.lang.String), renderHtmlEscapedDescription=public java.lang.String net.thucydides.core.reports.html.Formatter.renderHtmlEscapedDescription(java.lang.String), class=freemarker.ext.beans.FastPropertyDescriptor@707c48c0, humanReadableFormOf=public java.lang.String net.thucydides.core.reports.html.Formatter.humanReadableFormOf(java.lang.String), humanReadableTitle=public java.lang.String net.thucydides.core.reports.html.Formatter.humanReadableTitle(java.lang.String), java.lang.Object@5eafef4f={public java.lang.String java.lang.Object.toString()=[Ljava.lang.Class;@410fbefb, public java.lang.String net.thucydides.core.reports.html.Formatter.htmlCompatibleStoryTitle(java.lang.Object)=[Ljava.lang.Class;@65b6aaf5, public java.lang.String net.thucydides.core.reports.html.Formatter.messageBody(java.lang.String)=[Ljava.lang.Class;@7dcb27dd, public java.lang.String net.thucydides.core.reports.html.Formatter.renderAsciidoc(java.lang.String)=[Ljava.lang.Class;@6fe34aec, public java.lang.String net.thucydides.core.reports.html.Formatter.truncatedHtmlCompatible(java.lang.String,int)=[Ljava.lang.Class;@53a7c98d, public boolean java.lang.Object.equals(java.lang.Object)=[Ljava.lang.Class;@316200e, public java.lang.String net.thucydides.core.reports.html.Formatter.htmlCompatible(java.lang.Object)=[Ljava.lang.Class;@27471a7e, public java.lang.String net.thucydides.core.reports.html.Formatter.escapedXML(java.lang.String)=[Ljava.lang.Class;@52069050, public java.lang.String net.thucydides.core.reports.html.Formatter.htmlCompatibleTestTitle(java.lang.Object)=[Ljava.lang.Class;@3f80d03c, public java.lang.String net.thucydides.core.reports.html.Formatter.formatWithFields(java.lang.String)=[Ljava.lang.Class;@d249192, public java.lang.String net.thucydides.core.reports.html.Formatter.convertAnyTables(java.lang.String)=[Ljava.lang.Class;@122ffea2, public java.lang.String net.thucydides.core.reports.html.Formatter.renderTitle(java.lang.String)=[Ljava.lang.Class;@74cd68a7, public net.thucydides.core.reports.html.ResultRankingFormatter net.thucydides.core.reports.html.Formatter.resultRank()=[Ljava.lang.Class;@4df55732, public java.lang.String net.thucydides.core.reports.html.Formatter.renderMarkdown(java.lang.String)=[Ljava.lang.Class;@64f4f71f, public static java.lang.String net.thucydides.core.reports.html.Formatter.addMarkdownLineBreaks(java.lang.String)=[Ljava.lang.Class;@943dfcd, public static java.lang.String net.thucydides.core.reports.html.Formatter.addLineBreaks(java.lang.String)=[Ljava.lang.Class;@16d41612, public java.lang.String net.thucydides.core.reports.html.Formatter.htmlCompatibleStepDescription(java.lang.Object)=[Ljava.lang.Class;@717f8f3d, public java.lang.String net.thucydides.core.reports.html.Formatter.renderDescriptionWithEmbeddedResults(java.lang.String,net.thucydides.core.requirements.reports.RequirementsOutcomes)=[Ljava.lang.Class;@3270c202, public native int java.lang.Object.hashCode()=[Ljava.lang.Class;@255ace36, public java.lang.String net.thucydides.core.reports.html.Formatter.renderText(java.lang.String)=[Ljava.lang.Class;@13083809, public java.lang.String net.thucydides.core.reports.html.Formatter.plainHtmlCompatible(java.lang.Object)=[Ljava.lang.Class;@1e834b32, public java.lang.String net.thucydides.core.reports.html.Formatter.restQuery(java.lang.String)=[Ljava.lang.Class;@2a57fa32, public java.lang.String net.thucydides.core.reports.html.Formatter.renderDescription(java.lang.String)=[Ljava.lang.Class;@590fba30, public java.lang.String net.thucydides.core.reports.html.Formatter.renderTableDescription(java.lang.String,net.thucydides.core.requirements.reports.RequirementsOutcomes)=[Ljava.lang.Class;@b151968, public net.thucydides.core.reports.html.ResultIconFormatter net.thucydides.core.reports.html.Formatter.resultIcon()=[Ljava.lang.Class;@fcb19e3, public java.lang.String net.thucydides.core.reports.html.Formatter.renderHeaders(java.lang.String)=[Ljava.lang.Class;@1a58f442, public java.lang.String net.thucydides.core.reports.html.Formatter.renderHtmlEscapedDescription(java.lang.String)=[Ljava.lang.Class;@3e221303, public final native java.lang.Class java.lang.Object.getClass()=[Ljava.lang.Class;@1d5f83f6, public java.lang.String net.thucydides.core.reports.html.Formatter.humanReadableFormOf(java.lang.String)=[Ljava.lang.Class;@4a0c85bf, public java.lang.String net.thucydides.core.reports.html.Formatter.humanReadableTitle(java.lang.String)=[Ljava.lang.Class;@172b9258}, htmlCompatibleStoryTitle=public java.lang.String net.thucydides.core.reports.html.Formatter.htmlCompatibleStoryTitle(java.lang.Object), messageBody=public java.lang.String net.thucydides.core.reports.html.Formatter.messageBody(java.lang.String), java.lang.Object@6a76a40=freemarker.ext.beans.OverloadedMethods@393f31b5, truncatedHtmlCompatible=public java.lang.String net.thucydides.core.reports.html.Formatter.truncatedHtmlCompatible(java.lang.String,int), renderAsciidoc=public java.lang.String net.thucydides.core.reports.html.Formatter.renderAsciidoc(java.lang.String), htmlCompatible=public java.lang.String net.thucydides.core.reports.html.Formatter.htmlCompatible(java.lang.Object), htmlAttributeCompatible=freemarker.ext.beans.OverloadedMethods@28bcd637, escapedXML=public java.lang.String net.thucydides.core.reports.html.Formatter.escapedXML(java.lang.String), htmlCompatibleTestTitle=public java.lang.String net.thucydides.core.reports.html.Formatter.htmlCompatibleTestTitle(java.lang.Object), equals=public boolean java.lang.Object.equals(java.lang.Object), formatWithFields=public java.lang.String net.thucydides.core.reports.html.Formatter.formatWithFields(java.lang.String), toString=public java.lang.String java.lang.Object.toString(), convertAnyTables=public java.lang.String net.thucydides.core.reports.html.Formatter.convertAnyTables(java.lang.String), renderTitle=public java.lang.String net.thucydides.core.reports.html.Formatter.renderTitle(java.lang.String)}
2026-04-23 15:10:07 [pool-2-thread-1] DEBUG:: Key "depthIndicatorForLevel" was not found on instance of net.thucydides.core.reports.html.Formatter. Introspection information for the class is: {resultRank=public net.thucydides.core.reports.html.ResultRankingFormatter net.thucydides.core.reports.html.Formatter.resultRank(), renderMarkdown=public java.lang.String net.thucydides.core.reports.html.Formatter.renderMarkdown(java.lang.String), getClass=public final native java.lang.Class java.lang.Object.getClass(), addMarkdownLineBreaks=public static java.lang.String net.thucydides.core.reports.html.Formatter.addMarkdownLineBreaks(java.lang.String), addLineBreaks=public static java.lang.String net.thucydides.core.reports.html.Formatter.addLineBreaks(java.lang.String), htmlCompatibleStepDescription=public java.lang.String net.thucydides.core.reports.html.Formatter.htmlCompatibleStepDescription(java.lang.Object), renderDescriptionWithEmbeddedResults=public java.lang.String net.thucydides.core.reports.html.Formatter.renderDescriptionWithEmbeddedResults(java.lang.String,net.thucydides.core.requirements.reports.RequirementsOutcomes), renderDescription=public java.lang.String net.thucydides.core.reports.html.Formatter.renderDescription(java.lang.String), renderText=public java.lang.String net.thucydides.core.reports.html.Formatter.renderText(java.lang.String), plainHtmlCompatible=public java.lang.String net.thucydides.core.reports.html.Formatter.plainHtmlCompatible(java.lang.Object), restQuery=public java.lang.String net.thucydides.core.reports.html.Formatter.restQuery(java.lang.String), renderTableDescription=public java.lang.String net.thucydides.core.reports.html.Formatter.renderTableDescription(java.lang.String,net.thucydides.core.requirements.reports.RequirementsOutcomes), resultIcon=public net.thucydides.core.reports.html.ResultIconFormatter net.thucydides.core.reports.html.Formatter.resultIcon(), hashCode=public native int java.lang.Object.hashCode(), renderHeaders=public java.lang.String net.thucydides.core.reports.html.Formatter.renderHeaders(java.lang.String), renderHtmlEscapedDescription=public java.lang.String net.thucydides.core.reports.html.Formatter.renderHtmlEscapedDescription(java.lang.String), class=freemarker.ext.beans.FastPropertyDescriptor@707c48c0, humanReadableFormOf=public java.lang.String net.thucydides.core.reports.html.Formatter.humanReadableFormOf(java.lang.String), humanReadableTitle=public java.lang.String net.thucydides.core.reports.html.Formatter.humanReadableTitle(java.lang.String), java.lang.Object@5eafef4f={public java.lang.String java.lang.Object.toString()=[Ljava.lang.Class;@410fbefb, public java.lang.String net.thucydides.core.reports.html.Formatter.htmlCompatibleStoryTitle(java.lang.Object)=[Ljava.lang.Class;@65b6aaf5, public java.lang.String net.thucydides.core.reports.html.Formatter.messageBody(java.lang.String)=[Ljava.lang.Class;@7dcb27dd, public java.lang.String net.thucydides.core.reports.html.Formatter.renderAsciidoc(java.lang.String)=[Ljava.lang.Class;@6fe34aec, public java.lang.String net.thucydides.core.reports.html.Formatter.truncatedHtmlCompatible(java.lang.String,int)=[Ljava.lang.Class;@53a7c98d, public boolean java.lang.Object.equals(java.lang.Object)=[Ljava.lang.Class;@316200e, public java.lang.String net.thucydides.core.reports.html.Formatter.htmlCompatible(java.lang.Object)=[Ljava.lang.Class;@27471a7e, public java.lang.String net.thucydides.core.reports.html.Formatter.escapedXML(java.lang.String)=[Ljava.lang.Class;@52069050, public java.lang.String net.thucydides.core.reports.html.Formatter.htmlCompatibleTestTitle(java.lang.Object)=[Ljava.lang.Class;@3f80d03c, public java.lang.String net.thucydides.core.reports.html.Formatter.formatWithFields(java.lang.String)=[Ljava.lang.Class;@d249192, public java.lang.String net.thucydides.core.reports.html.Formatter.convertAnyTables(java.lang.String)=[Ljava.lang.Class;@122ffea2, public java.lang.String net.thucydides.core.reports.html.Formatter.renderTitle(java.lang.String)=[Ljava.lang.Class;@74cd68a7, public net.thucydides.core.reports.html.ResultRankingFormatter net.thucydides.core.reports.html.Formatter.resultRank()=[Ljava.lang.Class;@4df55732, public java.lang.String net.thucydides.core.reports.html.Formatter.renderMarkdown(java.lang.String)=[Ljava.lang.Class;@64f4f71f, public static java.lang.String net.thucydides.core.reports.html.Formatter.addMarkdownLineBreaks(java.lang.String)=[Ljava.lang.Class;@943dfcd, public static java.lang.String net.thucydides.core.reports.html.Formatter.addLineBreaks(java.lang.String)=[Ljava.lang.Class;@16d41612, public java.lang.String net.thucydides.core.reports.html.Formatter.htmlCompatibleStepDescription(java.lang.Object)=[Ljava.lang.Class;@717f8f3d, public java.lang.String net.thucydides.core.reports.html.Formatter.renderDescriptionWithEmbeddedResults(java.lang.String,net.thucydides.core.requirements.reports.RequirementsOutcomes)=[Ljava.lang.Class;@3270c202, public native int java.lang.Object.hashCode()=[Ljava.lang.Class;@255ace36, public java.lang.String net.thucydides.core.reports.html.Formatter.renderText(java.lang.String)=[Ljava.lang.Class;@13083809, public java.lang.String net.thucydides.core.reports.html.Formatter.plainHtmlCompatible(java.lang.Object)=[Ljava.lang.Class;@1e834b32, public java.lang.String net.thucydides.core.reports.html.Formatter.restQuery(java.lang.String)=[Ljava.lang.Class;@2a57fa32, public java.lang.String net.thucydides.core.reports.html.Formatter.renderDescription(java.lang.String)=[Ljava.lang.Class;@590fba30, public java.lang.String net.thucydides.core.reports.html.Formatter.renderTableDescription(java.lang.String,net.thucydides.core.requirements.reports.RequirementsOutcomes)=[Ljava.lang.Class;@b151968, public net.thucydides.core.reports.html.ResultIconFormatter net.thucydides.core.reports.html.Formatter.resultIcon()=[Ljava.lang.Class;@fcb19e3, public java.lang.String net.thucydides.core.reports.html.Formatter.renderHeaders(java.lang.String)=[Ljava.lang.Class;@1a58f442, public java.lang.String net.thucydides.core.reports.html.Formatter.renderHtmlEscapedDescription(java.lang.String)=[Ljava.lang.Class;@3e221303, public final native java.lang.Class java.lang.Object.getClass()=[Ljava.lang.Class;@1d5f83f6, public java.lang.String net.thucydides.core.reports.html.Formatter.humanReadableFormOf(java.lang.String)=[Ljava.lang.Class;@4a0c85bf, public java.lang.String net.thucydides.core.reports.html.Formatter.humanReadableTitle(java.lang.String)=[Ljava.lang.Class;@172b9258}, htmlCompatibleStoryTitle=public java.lang.String net.thucydides.core.reports.html.Formatter.htmlCompatibleStoryTitle(java.lang.Object), messageBody=public java.lang.String net.thucydides.core.reports.html.Formatter.messageBody(java.lang.String), java.lang.Object@6a76a40=freemarker.ext.beans.OverloadedMethods@393f31b5, truncatedHtmlCompatible=public java.lang.String net.thucydides.core.reports.html.Formatter.truncatedHtmlCompatible(java.lang.String,int), renderAsciidoc=public java.lang.String net.thucydides.core.reports.html.Formatter.renderAsciidoc(java.lang.String), htmlCompatible=public java.lang.String net.thucydides.core.reports.html.Formatter.htmlCompatible(java.lang.Object), htmlAttributeCompatible=freemarker.ext.beans.OverloadedMethods@28bcd637, escapedXML=public java.lang.String net.thucydides.core.reports.html.Formatter.escapedXML(java.lang.String), htmlCompatibleTestTitle=public java.lang.String net.thucydides.core.reports.html.Formatter.htmlCompatibleTestTitle(java.lang.Object), equals=public boolean java.lang.Object.equals(java.lang.Object), formatWithFields=public java.lang.String net.thucydides.core.reports.html.Formatter.formatWithFields(java.lang.String), toString=public java.lang.String java.lang.Object.toString(), convertAnyTables=public java.lang.String net.thucydides.core.reports.html.Formatter.convertAnyTables(java.lang.String), renderTitle=public java.lang.String net.thucydides.core.reports.html.Formatter.renderTitle(java.lang.String)}
[...]
2026-04-23 15:10:08 [pool-2-thread-1] DEBUG:: Loading template for "freemarker/components/report-data.ftl"("en_GB", UTF-8, parsed) from "jar:file:/C:/Users/CAPERAJU/.gradle/caches/modules-2/files-2.1/net.serenity-bdd/serenity-report-resources/2.1.0/41466b1bd868befac78a9d75b9770468f8605f0d/serenity-report-resources-2.1.0.jar!/freemarker/components/report-data.ftl"
2026-04-23 15:10:08 [pool-2-thread-1] DEBUG:: "freemarker/components/stacktrace.ftl"("en_GB", UTF-8, parsed) cached copy not yet stale; using cached.
2026-04-23 15:10:08 [pool-2-thread-1] DEBUG:: "freemarker/menu.ftl"("en_GB", UTF-8, parsed) cached copy not yet stale; using cached.
2026-04-23 15:10:08 [pool-2-thread-1] DEBUG:: Generated report ingresar_al_modulo_pagos_y_consultas_ingresar_a_administrar_roaming___servicio_activo.html in 497 ms
2026-04-23 15:10:08 [pool-2-thread-1] DEBUG:: Processing test outcome Ingresar al modulo pagos y consultas:Ingresar a Administrar roaming - servicio activo done
2026-04-23 15:10:08 [Test worker] DEBUG:: Shutting down executor service
2026-04-23 15:10:08 [Test worker] DEBUG:: Reports generated in: 1111 ms
2026-04-23 15:10:08 [Test worker] DEBUG:: Closing darkroom
2026-04-23 15:10:08 [Darkroom Processing Line] DEBUG:: Darkroom processing line shutting down

?[31mFailed scenarios:?[0m
?[31msrc/test/resources/features/pagosyconsultas.feature:422 ?[0m# Ingresar a Administrar roaming - servicio activo

1 Scenarios (?[31m1 failed?[0m)
7 Steps (?[31m1 failed?[0m, ?[36m3 skipped?[0m, ?[32m3 passed?[0m)
3m33,559s

java.lang.RuntimeException: No se pudo hacer click: 310 262 8443
	at exceptions.Excepciones.ExClickElTextoContiene(Excepciones.java:51)
	at interactions.Click.ClickTextoQueContengaX$ByteBuddy$wYObnlO6.ExClickElTextoContiene$accessor$roqHb45j(Unknown Source)
	at java.base/jdk.internal.reflect.NativeMethodAccessorImpl.invoke0(Native Method)
	at java.base/jdk.internal.reflect.NativeMethodAccessorImpl.invoke(NativeMethodAccessorImpl.java:62)
	at java.base/jdk.internal.reflect.DelegatingMethodAccessorImpl.invoke(DelegatingMethodAccessorImpl.java:43)
	at java.base/java.lang.reflect.Method.invoke(Method.java:566)
	at net.thucydides.core.steps.StepInterceptor.invokeMethod(StepInterceptor.java:488)
	at net.thucydides.core.steps.StepInterceptor.runBaseObjectMethod(StepInterceptor.java:385)
	at net.thucydides.core.steps.StepInterceptor.intercept(StepInterceptor.java:75)
	at interactions.Click.ClickTextoQueContengaX$ByteBuddy$wYObnlO6.ExClickElTextoContiene(Unknown Source)
	at utils.AndroidObject.ClickElTextoContiene(AndroidObject.java:459)
	at interactions.Click.ClickTextoQueContengaX$ByteBuddy$wYObnlO6.ClickElTextoContiene$accessor$roqHb45j(Unknown Source)
	at java.base/jdk.internal.reflect.NativeMethodAccessorImpl.invoke0(Native Method)
	at java.base/jdk.internal.reflect.NativeMethodAccessorImpl.invoke(NativeMethodAccessorImpl.java:62)
	at java.base/jdk.internal.reflect.DelegatingMethodAccessorImpl.invoke(DelegatingMethodAccessorImpl.java:43)
	at java.base/java.lang.reflect.Method.invoke(Method.java:566)
	at net.thucydides.core.steps.StepInterceptor.invokeMethod(StepInterceptor.java:488)
	at net.thucydides.core.steps.StepInterceptor.runBaseObjectMethod(StepInterceptor.java:385)
	at net.thucydides.core.steps.StepInterceptor.intercept(StepInterceptor.java:75)
	at interactions.Click.ClickTextoQueContengaX$ByteBuddy$wYObnlO6.ClickElTextoContiene(Unknown Source)
	at interactions.Click.ClickTextoQueContengaX.performAs(ClickTextoQueContengaX.java:21)
	at interactions.Click.ClickTextoQueContengaX$ByteBuddy$wYObnlO6.performAs$accessor$roqHb45j(Unknown Source)
	at java.base/jdk.internal.reflect.NativeMethodAccessorImpl.invoke0(Native Method)
	at java.base/jdk.internal.reflect.NativeMethodAccessorImpl.invoke(NativeMethodAccessorImpl.java:62)
	at java.base/jdk.internal.reflect.DelegatingMethodAccessorImpl.invoke(DelegatingMethodAccessorImpl.java:43)
	at java.base/java.lang.reflect.Method.invoke(Method.java:566)
	at net.thucydides.core.steps.StepInterceptor.invokeMethod(StepInterceptor.java:488)
	at net.thucydides.core.steps.StepInterceptor.executeTestStepMethod(StepInterceptor.java:468)
	at net.thucydides.core.steps.StepInterceptor.runTestStep(StepInterceptor.java:441)
	at net.thucydides.core.steps.StepInterceptor.runOrSkipMethod(StepInterceptor.java:197)
	at net.thucydides.core.steps.StepInterceptor.testStepResult(StepInterceptor.java:184)
	at net.thucydides.core.steps.StepInterceptor.intercept(StepInterceptor.java:77)
	at interactions.Click.ClickTextoQueContengaX$ByteBuddy$wYObnlO6.performAs(Unknown Source)
	at net.serenitybdd.screenplay.Actor.performTask(Actor.java:248)
	at net.serenitybdd.screenplay.Actor.perform(Actor.java:229)
	at net.serenitybdd.screenplay.Actor.attemptsTo(Actor.java:175)
	at tasks.PagosYConsultas.DetalleDeTuPlan.DetalleTuPlanCompraApp.performAs(DetalleTuPlanCompraApp.java:49)
	at tasks.PagosYConsultas.DetalleDeTuPlan.DetalleTuPlanCompraApp$ByteBuddy$cd9oRD1a.performAs$accessor$a5VC2yFf(Unknown Source)
	at java.base/jdk.internal.reflect.NativeMethodAccessorImpl.invoke0(Native Method)
	at java.base/jdk.internal.reflect.NativeMethodAccessorImpl.invoke(NativeMethodAccessorImpl.java:62)
	at java.base/jdk.internal.reflect.DelegatingMethodAccessorImpl.invoke(DelegatingMethodAccessorImpl.java:43)
	at java.base/java.lang.reflect.Method.invoke(Method.java:566)
	at net.thucydides.core.steps.StepInterceptor.invokeMethod(StepInterceptor.java:488)
	at net.thucydides.core.steps.StepInterceptor.executeTestStepMethod(StepInterceptor.java:468)
	at net.thucydides.core.steps.StepInterceptor.runTestStep(StepInterceptor.java:441)
	at net.thucydides.core.steps.StepInterceptor.runOrSkipMethod(StepInterceptor.java:197)
	at net.thucydides.core.steps.StepInterceptor.testStepResult(StepInterceptor.java:184)
	at net.thucydides.core.steps.StepInterceptor.intercept(StepInterceptor.java:77)
	at tasks.PagosYConsultas.DetalleDeTuPlan.DetalleTuPlanCompraApp$ByteBuddy$cd9oRD1a.performAs(Unknown Source)
	at net.serenitybdd.screenplay.Actor.performTask(Actor.java:248)
	at net.serenitybdd.screenplay.Actor.perform(Actor.java:229)
	at net.serenitybdd.screenplay.Actor.attemptsTo(Actor.java:175)
	at stepDefinitions.PagosYConsultasDefinitions.validaDetalleTuPlanLineaNoCompraApp(PagosYConsultasDefinitions.java:160)
	at ✽.VALIDA DETALLE DE TU PLAN PARA LINEA QUE NO PERMITE COMPRAR APLICACIONES(src/test/resources/features/pagosyconsultas.feature:426)
Caused by: org.openqa.selenium.NoSuchElementException: An element could not be located on the page using the given search parameters.
For documentation on this error, please visit: https://www.seleniumhq.org/exceptions/no_such_element.html
Build info: version: '3.141.59', revision: 'e82be7d358', time: '2018-11-14T08:17:03'
System info: host: 'HBOG5CG141BFQT', ip: '10.108.153.174', os.name: 'Windows 10', os.arch: 'amd64', os.version: '10.0', java.version: '11.0.13'
Driver info: io.appium.java_client.android.AndroidDriver
Capabilities {app: C:\Users\CAPERAJU\Auto_Mi_C..., appActivity: com.claro.superapp.SplashAc..., appPackage: com.clarocolombia.miclaro, autoDismissAlerts: true, autoGrantPermissions: true, automationName: UiAutomator2, captureScreenshots: true, databaseEnabled: false, desired: {app: C:\Users\CAPERAJU\Auto_Mi_C..., appActivity: com.claro.superapp.SplashAc..., appPackage: com.clarocolombia.miclaro, autoDismissAlerts: true, autoGrantPermissions: true, automationName: UiAutomator2, captureScreenshots: true, loggingPrefs: {}, nativeWebScreenshot: true, newCommandTimeout: 3000, noReset: true, orientation: PORTRAIT, platformName: android, resetKeyboard: true, unicodeKeyboard: true}, deviceApiLevel: 36, deviceManufacturer: OPPO, deviceModel: CPH2743, deviceName: 5617ee89, deviceScreenDensity: 480, deviceScreenSize: 1080x2372, deviceUDID: 5617ee89, javascriptEnabled: true, locationContextEnabled: false, loggingPrefs: org.openqa.selenium.logging..., nativeWebScreenshot: true, networkConnectionEnabled: true, newCommandTimeout: 3000, noReset: true, orientation: PORTRAIT, pixelRatio: 3, platform: LINUX, platformName: Android, platformVersion: 16, resetKeyboard: true, statBarHeight: 120, takesScreenshot: true, unicodeKeyboard: true, viewportRect: {height: 2252, left: 0, top: 120, width: 1080}, warnings: {}, webStorageEnabled: false}
Session ID: a83cae96-692d-4346-94d7-f203c2d3681b
*** Element info: {Using=-android uiautomator, value=new UiSelector().textContains("310 262 8443")}
	at java.base/jdk.internal.reflect.NativeConstructorAccessorImpl.newInstance0(Native Method)
	at java.base/jdk.internal.reflect.NativeConstructorAccessorImpl.newInstance(NativeConstructorAccessorImpl.java:62)
	at java.base/jdk.internal.reflect.DelegatingConstructorAccessorImpl.newInstance(DelegatingConstructorAccessorImpl.java:45)
	at java.base/java.lang.reflect.Constructor.newInstance(Constructor.java:490)
	at org.openqa.selenium.remote.http.W3CHttpResponseCodec.createException(W3CHttpResponseCodec.java:187)
	at org.openqa.selenium.remote.http.W3CHttpResponseCodec.decode(W3CHttpResponseCodec.java:122)
	at org.openqa.selenium.remote.http.W3CHttpResponseCodec.decode(W3CHttpResponseCodec.java:49)
	at org.openqa.selenium.remote.HttpCommandExecutor.execute(HttpCommandExecutor.java:158)
	at io.appium.java_client.remote.AppiumCommandExecutor.execute(AppiumCommandExecutor.java:239)
	at org.openqa.selenium.remote.RemoteWebDriver.execute(RemoteWebDriver.java:552)
	at io.appium.java_client.DefaultGenericMobileDriver.execute(DefaultGenericMobileDriver.java:41)
	at io.appium.java_client.AppiumDriver.execute(AppiumDriver.java:1)
	at io.appium.java_client.android.AndroidDriver.execute(AndroidDriver.java:1)
	at org.openqa.selenium.remote.RemoteWebDriver.findElement(RemoteWebDriver.java:323)
	at io.appium.java_client.DefaultGenericMobileDriver.findElement(DefaultGenericMobileDriver.java:61)
	at io.appium.java_client.AppiumDriver.findElement(AppiumDriver.java:1)
	at io.appium.java_client.android.AndroidDriver.findElement(AndroidDriver.java:1)
	at io.appium.java_client.FindsByAndroidUIAutomator.findElementByAndroidUIAutomator(FindsByAndroidUIAutomator.java:38)
	at io.appium.java_client.MobileBy$ByAndroidUIAutomator.findElement(MobileBy.java:210)
	at org.openqa.selenium.remote.RemoteWebDriver.findElement(RemoteWebDriver.java:315)
	at io.appium.java_client.DefaultGenericMobileDriver.findElement(DefaultGenericMobileDriver.java:57)
	at io.appium.java_client.AppiumDriver.findElement(AppiumDriver.java:1)
	at io.appium.java_client.android.AndroidDriver.findElement(AndroidDriver.java:1)
	at exceptions.Excepciones.ExClickElTextoContiene(Excepciones.java:43)
	at interactions.Click.ClickTextoQueContengaX$ByteBuddy$wYObnlO6.ExClickElTextoContiene$accessor$roqHb45j(Unknown Source)
	at java.base/jdk.internal.reflect.NativeMethodAccessorImpl.invoke0(Native Method)
	at java.base/jdk.internal.reflect.NativeMethodAccessorImpl.invoke(NativeMethodAccessorImpl.java:62)
	at java.base/jdk.internal.reflect.DelegatingMethodAccessorImpl.invoke(DelegatingMethodAccessorImpl.java:43)
	at java.base/java.lang.reflect.Method.invoke(Method.java:566)
	at net.thucydides.core.steps.StepInterceptor.invokeMethod(StepInterceptor.java:488)
	at net.thucydides.core.steps.StepInterceptor.runBaseObjectMethod(StepInterceptor.java:385)
	at net.thucydides.core.steps.StepInterceptor.intercept(StepInterceptor.java:75)
	at interactions.Click.ClickTextoQueContengaX$ByteBuddy$wYObnlO6.ExClickElTextoContiene(Unknown Source)
	at utils.AndroidObject.ClickElTextoContiene(AndroidObject.java:459)
	at interactions.Click.ClickTextoQueContengaX$ByteBuddy$wYObnlO6.ClickElTextoContiene$accessor$roqHb45j(Unknown Source)
	at java.base/jdk.internal.reflect.NativeMethodAccessorImpl.invoke0(Native Method)
	at java.base/jdk.internal.reflect.NativeMethodAccessorImpl.invoke(NativeMethodAccessorImpl.java:62)
	at java.base/jdk.internal.reflect.DelegatingMethodAccessorImpl.invoke(DelegatingMethodAccessorImpl.java:43)
	at java.base/java.lang.reflect.Method.invoke(Method.java:566)
	at net.thucydides.core.steps.StepInterceptor.invokeMethod(StepInterceptor.java:488)
	at net.thucydides.core.steps.StepInterceptor.runBaseObjectMethod(StepInterceptor.java:385)
	at net.thucydides.core.steps.StepInterceptor.intercept(StepInterceptor.java:75)
	at interactions.Click.ClickTextoQueContengaX$ByteBuddy$wYObnlO6.ClickElTextoContiene(Unknown Source)
	at interactions.Click.ClickTextoQueContengaX.performAs(ClickTextoQueContengaX.java:21)
	at interactions.Click.ClickTextoQueContengaX$ByteBuddy$wYObnlO6.performAs$accessor$roqHb45j(Unknown Source)
	at java.base/jdk.internal.reflect.NativeMethodAccessorImpl.invoke0(Native Method)
	at java.base/jdk.internal.reflect.NativeMethodAccessorImpl.invoke(NativeMethodAccessorImpl.java:62)
	at java.base/jdk.internal.reflect.DelegatingMethodAccessorImpl.invoke(DelegatingMethodAccessorImpl.java:43)
	at java.base/java.lang.reflect.Method.invoke(Method.java:566)
	at net.thucydides.core.steps.StepInterceptor.invokeMethod(StepInterceptor.java:488)
	at net.thucydides.core.steps.StepInterceptor.executeTestStepMethod(StepInterceptor.java:468)
	at net.thucydides.core.steps.StepInterceptor.runTestStep(StepInterceptor.java:441)
	at net.thucydides.core.steps.StepInterceptor.runOrSkipMethod(StepInterceptor.java:197)
	at net.thucydides.core.steps.StepInterceptor.testStepResult(StepInterceptor.java:184)
	at net.thucydides.core.steps.StepInterceptor.intercept(StepInterceptor.java:77)
	at interactions.Click.ClickTextoQueContengaX$ByteBuddy$wYObnlO6.performAs(Unknown Source)
	at net.serenitybdd.screenplay.Actor.performTask(Actor.java:248)
	at net.serenitybdd.screenplay.Actor.perform(Actor.java:229)
	at net.serenitybdd.screenplay.Actor.attemptsTo(Actor.java:175)
	at tasks.PagosYConsultas.DetalleDeTuPlan.DetalleTuPlanCompraApp.performAs(DetalleTuPlanCompraApp.java:49)
	at tasks.PagosYConsultas.DetalleDeTuPlan.DetalleTuPlanCompraApp$ByteBuddy$cd9oRD1a.performAs$accessor$a5VC2yFf(Unknown Source)
	at java.base/jdk.internal.reflect.NativeMethodAccessorImpl.invoke0(Native Method)
	at java.base/jdk.internal.reflect.NativeMethodAccessorImpl.invoke(NativeMethodAccessorImpl.java:62)
	at java.base/jdk.internal.reflect.DelegatingMethodAccessorImpl.invoke(DelegatingMethodAccessorImpl.java:43)
	at java.base/java.lang.reflect.Method.invoke(Method.java:566)
	at net.thucydides.core.steps.StepInterceptor.invokeMethod(StepInterceptor.java:488)
	at net.thucydides.core.steps.StepInterceptor.executeTestStepMethod(StepInterceptor.java:468)
	at net.thucydides.core.steps.StepInterceptor.runTestStep(StepInterceptor.java:441)
	at net.thucydides.core.steps.StepInterceptor.runOrSkipMethod(StepInterceptor.java:197)
	at net.thucydides.core.steps.StepInterceptor.testStepResult(StepInterceptor.java:184)
	at net.thucydides.core.steps.StepInterceptor.intercept(StepInterceptor.java:77)
	at tasks.PagosYConsultas.DetalleDeTuPlan.DetalleTuPlanCompraApp$ByteBuddy$cd9oRD1a.performAs(Unknown Source)
	at net.serenitybdd.screenplay.Actor.performTask(Actor.java:248)
	at net.serenitybdd.screenplay.Actor.perform(Actor.java:229)
	at net.serenitybdd.screenplay.Actor.attemptsTo(Actor.java:175)
	at stepDefinitions.PagosYConsultasDefinitions.validaDetalleTuPlanLineaNoCompraApp(PagosYConsultasDefinitions.java:160)
	at java.base/jdk.internal.reflect.NativeMethodAccessorImpl.invoke0(Native Method)
	at java.base/jdk.internal.reflect.NativeMethodAccessorImpl.invoke(NativeMethodAccessorImpl.java:62)
	at java.base/jdk.internal.reflect.DelegatingMethodAccessorImpl.invoke(DelegatingMethodAccessorImpl.java:43)
	at java.base/java.lang.reflect.Method.invoke(Method.java:566)
	at cucumber.runtime.Utils$1.call(Utils.java:31)
	at cucumber.runtime.Timeout.timeout(Timeout.java:16)
	at cucumber.runtime.Utils.invoke(Utils.java:25)
	at cucumber.runtime.java.JavaStepDefinition.execute(JavaStepDefinition.java:37)
	at cucumber.runtime.StepDefinitionMatch.runStep(StepDefinitionMatch.java:40)
	at cucumber.api.TestStep.executeStep(TestStep.java:102)
	at cucumber.api.TestStep.run(TestStep.java:83)
	at cucumber.api.TestCase.run(TestCase.java:58)
	at cucumber.runner.Runner.runPickle(Runner.java:80)
	at cucumber.runtime.junit.PickleRunners$NoStepDescriptions.run(PickleRunners.java:140)
	at cucumber.runtime.junit.FeatureRunner.runChild(FeatureRunner.java:68)
	at cucumber.runtime.junit.FeatureRunner.runChild(FeatureRunner.java:23)
	at org.junit.runners.ParentRunner$3.run(ParentRunner.java:290)
	at org.junit.runners.ParentRunner$1.schedule(ParentRunner.java:71)
	at org.junit.runners.ParentRunner.runChildren(ParentRunner.java:288)
	at org.junit.runners.ParentRunner.access$000(ParentRunner.java:58)
	at org.junit.runners.ParentRunner$2.evaluate(ParentRunner.java:268)
	at org.junit.runners.ParentRunner.run(ParentRunner.java:363)
	at cucumber.runtime.junit.FeatureRunner.run(FeatureRunner.java:73)
	at cucumber.api.junit.Cucumber.runChild(Cucumber.java:118)
	at cucumber.api.junit.Cucumber.runChild(Cucumber.java:56)
	at org.junit.runners.ParentRunner$3.run(ParentRunner.java:290)
	at org.junit.runners.ParentRunner$1.schedule(ParentRunner.java:71)
	at org.junit.runners.ParentRunner.runChildren(ParentRunner.java:288)
	at org.junit.runners.ParentRunner.access$000(ParentRunner.java:58)
	at org.junit.runners.ParentRunner$2.evaluate(ParentRunner.java:268)
	at cucumber.api.junit.Cucumber$1.evaluate(Cucumber.java:127)
	at org.junit.runners.ParentRunner.run(ParentRunner.java:363)
	at org.gradle.api.internal.tasks.testing.junit.JUnitTestClassExecutor.runTestClass(JUnitTestClassExecutor.java:110)
	at org.gradle.api.internal.tasks.testing.junit.JUnitTestClassExecutor.execute(JUnitTestClassExecutor.java:58)
	at org.gradle.api.internal.tasks.testing.junit.JUnitTestClassExecutor.execute(JUnitTestClassExecutor.java:38)
	at org.gradle.api.internal.tasks.testing.junit.AbstractJUnitTestClassProcessor.processTestClass(AbstractJUnitTestClassProcessor.java:62)
	at org.gradle.api.internal.tasks.testing.SuiteTestClassProcessor.processTestClass(SuiteTestClassProcessor.java:51)
	at java.base/jdk.internal.reflect.NativeMethodAccessorImpl.invoke0(Native Method)
	at java.base/jdk.internal.reflect.NativeMethodAccessorImpl.invoke(NativeMethodAccessorImpl.java:62)
	at java.base/jdk.internal.reflect.DelegatingMethodAccessorImpl.invoke(DelegatingMethodAccessorImpl.java:43)
	at java.base/java.lang.reflect.Method.invoke(Method.java:566)
	at org.gradle.internal.dispatch.ReflectionDispatch.dispatch(ReflectionDispatch.java:36)
	at org.gradle.internal.dispatch.ReflectionDispatch.dispatch(ReflectionDispatch.java:24)
	at org.gradle.internal.dispatch.ContextClassLoaderDispatch.dispatch(ContextClassLoaderDispatch.java:33)
	at org.gradle.internal.dispatch.ProxyDispatchAdapter$DispatchingInvocationHandler.invoke(ProxyDispatchAdapter.java:94)
	at com.sun.proxy.$Proxy2.processTestClass(Unknown Source)
	at org.gradle.api.internal.tasks.testing.worker.TestWorker$2.run(TestWorker.java:176)
	at org.gradle.api.internal.tasks.testing.worker.TestWorker.executeAndMaintainThreadName(TestWorker.java:129)
	at org.gradle.api.internal.tasks.testing.worker.TestWorker.execute(TestWorker.java:100)
	at org.gradle.api.internal.tasks.testing.worker.TestWorker.execute(TestWorker.java:60)
	at org.gradle.process.internal.worker.child.ActionExecutionWorker.execute(ActionExecutionWorker.java:56)
	at org.gradle.process.internal.worker.child.SystemApplicationClassLoaderWorker.call(SystemApplicationClassLoaderWorker.java:133)
	at org.gradle.process.internal.worker.child.SystemApplicationClassLoaderWorker.call(SystemApplicationClassLoaderWorker.java:71)
	at worker.org.gradle.process.internal.worker.GradleWorkerMain.run(GradleWorkerMain.java:69)
	at worker.org.gradle.process.internal.worker.GradleWorkerMain.main(GradleWorkerMain.java:74)

]]></system-out>
  <system-err><![CDATA[log4j:WARN [Logger] should be System.out or System.err.
log4j:WARN Using previously set target, System.out by default.
]]></system-err>
</testsuite>
